#0 building with "default" instance using docker driver

#1 [internal] load build definition from Dockerfile.pypi
#1 transferring dockerfile: 1.65kB done
#1 DONE 0.1s

#2 [internal] load metadata for docker.io/library/ubuntu:22.04
#2 DONE 3.0s

#3 [internal] load .dockerignore
#3 transferring context: 2B done
#3 DONE 0.1s

#4 [1/9] FROM docker.io/library/ubuntu:22.04@sha256:340d9b015b194dc6e2a13938944e0d016e57b9679963fdeb9ce021daac430221
#4 resolve docker.io/library/ubuntu:22.04@sha256:340d9b015b194dc6e2a13938944e0d016e57b9679963fdeb9ce021daac430221 0.0s done
#4 sha256:340d9b015b194dc6e2a13938944e0d016e57b9679963fdeb9ce021daac430221 1.13kB / 1.13kB done
#4 sha256:0eb0f877e1c869a300c442c41120e778db7161419244ee5cbc6fa5f134e74736 424B / 424B done
#4 sha256:8a3cdc4d1ad3e314a91f76b7b99eed443f2152e3a9bf33e46669b31d094be443 2.30kB / 2.30kB done
#4 sha256:3713021b02770a720dea9b54c03d0ed83e03a2ef5dce2898c56a327fee9a8bca 0B / 29.53MB 0.1s
#4 sha256:3713021b02770a720dea9b54c03d0ed83e03a2ef5dce2898c56a327fee9a8bca 8.39MB / 29.53MB 0.5s
#4 sha256:3713021b02770a720dea9b54c03d0ed83e03a2ef5dce2898c56a327fee9a8bca 25.17MB / 29.53MB 0.7s
#4 sha256:3713021b02770a720dea9b54c03d0ed83e03a2ef5dce2898c56a327fee9a8bca 29.53MB / 29.53MB 0.8s done
#4 extracting sha256:3713021b02770a720dea9b54c03d0ed83e03a2ef5dce2898c56a327fee9a8bca 0.1s
#4 extracting sha256:3713021b02770a720dea9b54c03d0ed83e03a2ef5dce2898c56a327fee9a8bca 1.2s done
#4 DONE 2.3s

#5 [2/9] RUN apt-get update     && apt-get install -y build-essential     && apt-get install -y wget     && apt-get install -y git
#5 1.309 Get:1 http://security.ubuntu.com/ubuntu jammy-security InRelease [129 kB]
#5 1.583 Get:2 http://archive.ubuntu.com/ubuntu jammy InRelease [270 kB]
#5 2.934 Get:3 http://security.ubuntu.com/ubuntu jammy-security/multiverse amd64 Packages [44.7 kB]
#5 3.381 Get:4 http://security.ubuntu.com/ubuntu jammy-security/universe amd64 Packages [1129 kB]
#5 3.538 Get:5 http://archive.ubuntu.com/ubuntu jammy-updates InRelease [128 kB]
#5 3.996 Get:6 http://archive.ubuntu.com/ubuntu jammy-backports InRelease [127 kB]
#5 4.457 Get:7 http://archive.ubuntu.com/ubuntu jammy/main amd64 Packages [1792 kB]
#5 5.182 Get:8 http://security.ubuntu.com/ubuntu jammy-security/main amd64 Packages [2104 kB]
#5 5.499 Get:9 http://archive.ubuntu.com/ubuntu jammy/universe amd64 Packages [17.5 MB]
#5 5.769 Get:10 http://security.ubuntu.com/ubuntu jammy-security/restricted amd64 Packages [2771 kB]
#5 7.677 Get:11 http://archive.ubuntu.com/ubuntu jammy/restricted amd64 Packages [164 kB]
#5 7.681 Get:12 http://archive.ubuntu.com/ubuntu jammy/multiverse amd64 Packages [266 kB]
#5 7.682 Get:13 http://archive.ubuntu.com/ubuntu jammy-updates/main amd64 Packages [2378 kB]
#5 8.015 Get:14 http://archive.ubuntu.com/ubuntu jammy-updates/restricted amd64 Packages [2858 kB]
#5 8.348 Get:15 http://archive.ubuntu.com/ubuntu jammy-updates/universe amd64 Packages [1420 kB]
#5 8.539 Get:16 http://archive.ubuntu.com/ubuntu jammy-updates/multiverse amd64 Packages [51.8 kB]
#5 8.541 Get:17 http://archive.ubuntu.com/ubuntu jammy-backports/main amd64 Packages [81.0 kB]
#5 8.543 Get:18 http://archive.ubuntu.com/ubuntu jammy-backports/universe amd64 Packages [33.7 kB]
#5 8.603 Fetched 33.2 MB in 8s (4014 kB/s)
#5 8.603 Reading package lists...
#5 9.304 Reading package lists...
#5 10.08 Building dependency tree...
#5 10.27 Reading state information...
#5 10.51 The following additional packages will be installed:
#5 10.51   binutils binutils-common binutils-x86-64-linux-gnu bzip2 cpp cpp-11 dirmngr
#5 10.51   dpkg-dev fakeroot fontconfig-config fonts-dejavu-core g++ g++-11 gcc gcc-11
#5 10.51   gcc-11-base gnupg gnupg-l10n gnupg-utils gpg gpg-agent gpg-wks-client
#5 10.51   gpg-wks-server gpgconf gpgsm libalgorithm-diff-perl
#5 10.51   libalgorithm-diff-xs-perl libalgorithm-merge-perl libasan6 libassuan0
#5 10.51   libatomic1 libbinutils libbrotli1 libbsd0 libc-dev-bin libc-devtools
#5 10.51   libc6-dev libcc1-0 libcrypt-dev libctf-nobfd0 libctf0 libdeflate0
#5 10.51   libdpkg-perl libexpat1 libfakeroot libfile-fcntllock-perl libfontconfig1
#5 10.51   libfreetype6 libgcc-11-dev libgd3 libgdbm-compat4 libgdbm6 libgomp1 libisl23
#5 10.51   libitm1 libjbig0 libjpeg-turbo8 libjpeg8 libksba8 libldap-2.5-0
#5 10.51   libldap-common liblocale-gettext-perl liblsan0 libmd0 libmpc3 libmpfr6
#5 10.52   libnpth0 libnsl-dev libperl5.34 libpng16-16 libquadmath0 libreadline8
#5 10.52   libsasl2-2 libsasl2-modules libsasl2-modules-db libsqlite3-0
#5 10.52   libstdc++-11-dev libtiff5 libtirpc-dev libtsan0 libubsan1 libwebp7 libx11-6
#5 10.52   libx11-data libxau6 libxcb1 libxdmcp6 libxpm4 linux-libc-dev
#5 10.52   lto-disabled-list make manpages manpages-dev netbase patch perl
#5 10.52   perl-modules-5.34 pinentry-curses readline-common rpcsvc-proto ucf xz-utils
#5 10.52 Suggested packages:
#5 10.52   binutils-doc bzip2-doc cpp-doc gcc-11-locales dbus-user-session
#5 10.52   libpam-systemd pinentry-gnome3 tor debian-keyring g++-multilib
#5 10.52   g++-11-multilib gcc-11-doc gcc-multilib autoconf automake libtool flex bison
#5 10.52   gdb gcc-doc gcc-11-multilib parcimonie xloadimage scdaemon glibc-doc git bzr
#5 10.52   libgd-tools gdbm-l10n libsasl2-modules-gssapi-mit
#5 10.52   | libsasl2-modules-gssapi-heimdal libsasl2-modules-ldap libsasl2-modules-otp
#5 10.52   libsasl2-modules-sql libstdc++-11-doc make-doc man-browser ed diffutils-doc
#5 10.52   perl-doc libterm-readline-gnu-perl | libterm-readline-perl-perl
#5 10.52   libtap-harness-archive-perl pinentry-doc readline-doc
#5 10.61 The following NEW packages will be installed:
#5 10.61   binutils binutils-common binutils-x86-64-linux-gnu build-essential bzip2 cpp
#5 10.61   cpp-11 dirmngr dpkg-dev fakeroot fontconfig-config fonts-dejavu-core g++
#5 10.61   g++-11 gcc gcc-11 gcc-11-base gnupg gnupg-l10n gnupg-utils gpg gpg-agent
#5 10.61   gpg-wks-client gpg-wks-server gpgconf gpgsm libalgorithm-diff-perl
#5 10.61   libalgorithm-diff-xs-perl libalgorithm-merge-perl libasan6 libassuan0
#5 10.61   libatomic1 libbinutils libbrotli1 libbsd0 libc-dev-bin libc-devtools
#5 10.61   libc6-dev libcc1-0 libcrypt-dev libctf-nobfd0 libctf0 libdeflate0
#5 10.61   libdpkg-perl libexpat1 libfakeroot libfile-fcntllock-perl libfontconfig1
#5 10.61   libfreetype6 libgcc-11-dev libgd3 libgdbm-compat4 libgdbm6 libgomp1 libisl23
#5 10.61   libitm1 libjbig0 libjpeg-turbo8 libjpeg8 libksba8 libldap-2.5-0
#5 10.61   libldap-common liblocale-gettext-perl liblsan0 libmd0 libmpc3 libmpfr6
#5 10.61   libnpth0 libnsl-dev libperl5.34 libpng16-16 libquadmath0 libreadline8
#5 10.61   libsasl2-2 libsasl2-modules libsasl2-modules-db libsqlite3-0
#5 10.61   libstdc++-11-dev libtiff5 libtirpc-dev libtsan0 libubsan1 libwebp7 libx11-6
#5 10.62   libx11-data libxau6 libxcb1 libxdmcp6 libxpm4 linux-libc-dev
#5 10.62   lto-disabled-list make manpages manpages-dev netbase patch perl
#5 10.62   perl-modules-5.34 pinentry-curses readline-common rpcsvc-proto ucf xz-utils
#5 11.31 0 upgraded, 103 newly installed, 0 to remove and 0 not upgraded.
#5 11.31 Need to get 83.8 MB of archives.
#5 11.31 After this operation, 292 MB of additional disk space will be used.
#5 11.31 Get:1 http://archive.ubuntu.com/ubuntu jammy/main amd64 liblocale-gettext-perl amd64 1.07-4build3 [17.1 kB]
#5 12.02 Get:2 http://archive.ubuntu.com/ubuntu jammy-updates/main amd64 perl-modules-5.34 all 5.34.0-3ubuntu1.3 [2976 kB]
#5 15.28 Get:3 http://archive.ubuntu.com/ubuntu jammy/main amd64 libgdbm6 amd64 1.23-1 [33.9 kB]
#5 15.28 Get:4 http://archive.ubuntu.com/ubuntu jammy/main amd64 libgdbm-compat4 amd64 1.23-1 [6606 B]
#5 15.29 Get:5 http://archive.ubuntu.com/ubuntu jammy-updates/main amd64 libperl5.34 amd64 5.34.0-3ubuntu1.3 [4820 kB]
#5 16.68 Get:6 http://archive.ubuntu.com/ubuntu jammy-updates/main amd64 perl amd64 5.34.0-3ubuntu1.3 [232 kB]
#5 16.69 Get:7 http://archive.ubuntu.com/ubuntu jammy/main amd64 libmd0 amd64 1.0.4-1build1 [23.0 kB]
#5 16.69 Get:8 http://archive.ubuntu.com/ubuntu jammy/main amd64 libbsd0 amd64 0.11.5-1 [44.8 kB]
#5 16.69 Get:9 http://archive.ubuntu.com/ubuntu jammy-updates/main amd64 libexpat1 amd64 2.4.7-1ubuntu0.3 [91.0 kB]
#5 16.70 Get:10 http://archive.ubuntu.com/ubuntu jammy/main amd64 readline-common all 8.1.2-1 [53.5 kB]
#5 16.70 Get:11 http://archive.ubuntu.com/ubuntu jammy/main amd64 libreadline8 amd64 8.1.2-1 [153 kB]
#5 16.71 Get:12 http://archive.ubuntu.com/ubuntu jammy-updates/main amd64 libsqlite3-0 amd64 3.37.2-2ubuntu0.3 [641 kB]
#5 16.85 Get:13 http://archive.ubuntu.com/ubuntu jammy/main amd64 netbase all 6.3 [12.9 kB]
#5 16.85 Get:14 http://archive.ubuntu.com/ubuntu jammy/main amd64 ucf all 3.0043 [56.1 kB]
#5 17.02 Get:15 http://archive.ubuntu.com/ubuntu jammy/main amd64 libpng16-16 amd64 1.6.37-3build5 [191 kB]
#5 17.36 Get:16 http://archive.ubuntu.com/ubuntu jammy/main amd64 libxau6 amd64 1:1.0.9-1build5 [7634 B]
#5 17.36 Get:17 http://archive.ubuntu.com/ubuntu jammy/main amd64 libxdmcp6 amd64 1:1.1.3-0ubuntu5 [10.9 kB]
#5 17.36 Get:18 http://archive.ubuntu.com/ubuntu jammy/main amd64 libxcb1 amd64 1.14-3ubuntu3 [49.0 kB]
#5 17.36 Get:19 http://archive.ubuntu.com/ubuntu jammy-updates/main amd64 libx11-data all 2:1.7.5-1ubuntu0.3 [120 kB]
#5 17.37 Get:20 http://archive.ubuntu.com/ubuntu jammy-updates/main amd64 libx11-6 amd64 2:1.7.5-1ubuntu0.3 [667 kB]
#5 17.39 Get:21 http://archive.ubuntu.com/ubuntu jammy/main amd64 manpages all 5.10-1ubuntu1 [1375 kB]
#5 17.46 Get:22 http://archive.ubuntu.com/ubuntu jammy/main amd64 xz-utils amd64 5.2.5-2ubuntu1 [84.8 kB]
#5 17.46 Get:23 http://archive.ubuntu.com/ubuntu jammy-updates/main amd64 binutils-common amd64 2.38-4ubuntu2.6 [222 kB]
#5 17.47 Get:24 http://archive.ubuntu.com/ubuntu jammy-updates/main amd64 libbinutils amd64 2.38-4ubuntu2.6 [662 kB]
#5 17.70 Get:25 http://archive.ubuntu.com/ubuntu jammy-updates/main amd64 libctf-nobfd0 amd64 2.38-4ubuntu2.6 [108 kB]
#5 18.04 Get:26 http://archive.ubuntu.com/ubuntu jammy-updates/main amd64 libctf0 amd64 2.38-4ubuntu2.6 [103 kB]
#5 18.04 Get:27 http://archive.ubuntu.com/ubuntu jammy-updates/main amd64 binutils-x86-64-linux-gnu amd64 2.38-4ubuntu2.6 [2326 kB]
#5 18.69 Get:28 http://archive.ubuntu.com/ubuntu jammy-updates/main amd64 binutils amd64 2.38-4ubuntu2.6 [3200 B]
#5 18.69 Get:29 http://archive.ubuntu.com/ubuntu jammy-updates/main amd64 libc-dev-bin amd64 2.35-0ubuntu3.8 [20.3 kB]
#5 18.69 Get:30 http://archive.ubuntu.com/ubuntu jammy-updates/main amd64 linux-libc-dev amd64 5.15.0-117.127 [1338 kB]
#5 19.01 Get:31 http://archive.ubuntu.com/ubuntu jammy/main amd64 libcrypt-dev amd64 1:4.4.27-1 [112 kB]
#5 19.01 Get:32 http://archive.ubuntu.com/ubuntu jammy/main amd64 rpcsvc-proto amd64 1.4.2-0ubuntu6 [68.5 kB]
#5 19.01 Get:33 http://archive.ubuntu.com/ubuntu jammy-updates/main amd64 libtirpc-dev amd64 1.3.2-2ubuntu0.1 [192 kB]
#5 19.02 Get:34 http://archive.ubuntu.com/ubuntu jammy/main amd64 libnsl-dev amd64 1.3.0-2build2 [71.3 kB]
#5 19.03 Get:35 http://archive.ubuntu.com/ubuntu jammy-updates/main amd64 libc6-dev amd64 2.35-0ubuntu3.8 [2100 kB]
#5 19.13 Get:36 http://archive.ubuntu.com/ubuntu jammy-updates/main amd64 gcc-11-base amd64 11.4.0-1ubuntu1~22.04 [20.2 kB]
#5 19.13 Get:37 http://archive.ubuntu.com/ubuntu jammy/main amd64 libisl23 amd64 0.24-2build1 [727 kB]
#5 19.36 Get:38 http://archive.ubuntu.com/ubuntu jammy/main amd64 libmpfr6 amd64 4.1.0-3build3 [1425 kB]
#5 19.44 Get:39 http://archive.ubuntu.com/ubuntu jammy/main amd64 libmpc3 amd64 1.2.1-2build1 [46.9 kB]
#5 19.44 Get:40 http://archive.ubuntu.com/ubuntu jammy-updates/main amd64 cpp-11 amd64 11.4.0-1ubuntu1~22.04 [10.0 MB]
#5 20.82 Get:41 http://archive.ubuntu.com/ubuntu jammy/main amd64 cpp amd64 4:11.2.0-1ubuntu1 [27.7 kB]
#5 20.82 Get:42 http://archive.ubuntu.com/ubuntu jammy-updates/main amd64 libcc1-0 amd64 12.3.0-1ubuntu1~22.04 [48.3 kB]
#5 20.82 Get:43 http://archive.ubuntu.com/ubuntu jammy-updates/main amd64 libgomp1 amd64 12.3.0-1ubuntu1~22.04 [126 kB]
#5 20.83 Get:44 http://archive.ubuntu.com/ubuntu jammy-updates/main amd64 libitm1 amd64 12.3.0-1ubuntu1~22.04 [30.2 kB]
#5 20.83 Get:45 http://archive.ubuntu.com/ubuntu jammy-updates/main amd64 libatomic1 amd64 12.3.0-1ubuntu1~22.04 [10.4 kB]
#5 20.84 Get:46 http://archive.ubuntu.com/ubuntu jammy-updates/main amd64 libasan6 amd64 11.4.0-1ubuntu1~22.04 [2282 kB]
#5 21.46 Get:47 http://archive.ubuntu.com/ubuntu jammy-updates/main amd64 liblsan0 amd64 12.3.0-1ubuntu1~22.04 [1069 kB]
#5 21.72 Get:48 http://archive.ubuntu.com/ubuntu jammy-updates/main amd64 libtsan0 amd64 11.4.0-1ubuntu1~22.04 [2260 kB]
#5 22.11 Get:49 http://archive.ubuntu.com/ubuntu jammy-updates/main amd64 libubsan1 amd64 12.3.0-1ubuntu1~22.04 [976 kB]
#5 22.22 Get:50 http://archive.ubuntu.com/ubuntu jammy-updates/main amd64 libquadmath0 amd64 12.3.0-1ubuntu1~22.04 [154 kB]
#5 22.23 Get:51 http://archive.ubuntu.com/ubuntu jammy-updates/main amd64 libgcc-11-dev amd64 11.4.0-1ubuntu1~22.04 [2517 kB]
#5 23.02 Get:52 http://archive.ubuntu.com/ubuntu jammy-updates/main amd64 gcc-11 amd64 11.4.0-1ubuntu1~22.04 [20.1 MB]
#5 25.57 Get:53 http://archive.ubuntu.com/ubuntu jammy/main amd64 gcc amd64 4:11.2.0-1ubuntu1 [5112 B]
#5 25.57 Get:54 http://archive.ubuntu.com/ubuntu jammy-updates/main amd64 libstdc++-11-dev amd64 11.4.0-1ubuntu1~22.04 [2101 kB]
#5 25.87 Get:55 http://archive.ubuntu.com/ubuntu jammy-updates/main amd64 g++-11 amd64 11.4.0-1ubuntu1~22.04 [11.4 MB]
#5 27.31 Get:56 http://archive.ubuntu.com/ubuntu jammy/main amd64 g++ amd64 4:11.2.0-1ubuntu1 [1412 B]
#5 27.31 Get:57 http://archive.ubuntu.com/ubuntu jammy/main amd64 make amd64 4.3-4.1build1 [180 kB]
#5 27.32 Get:58 http://archive.ubuntu.com/ubuntu jammy-updates/main amd64 libdpkg-perl all 1.21.1ubuntu2.3 [237 kB]
#5 27.34 Get:59 http://archive.ubuntu.com/ubuntu jammy/main amd64 bzip2 amd64 1.0.8-5build1 [34.8 kB]
#5 27.35 Get:60 http://archive.ubuntu.com/ubuntu jammy/main amd64 patch amd64 2.7.6-7build2 [109 kB]
#5 27.36 Get:61 http://archive.ubuntu.com/ubuntu jammy/main amd64 lto-disabled-list all 24 [12.5 kB]
#5 27.36 Get:62 http://archive.ubuntu.com/ubuntu jammy-updates/main amd64 dpkg-dev all 1.21.1ubuntu2.3 [922 kB]
#5 27.51 Get:63 http://archive.ubuntu.com/ubuntu jammy/main amd64 build-essential amd64 12.9ubuntu3 [4744 B]
#5 27.51 Get:64 http://archive.ubuntu.com/ubuntu jammy/main amd64 libassuan0 amd64 2.5.5-1build1 [38.2 kB]
#5 27.65 Get:65 http://archive.ubuntu.com/ubuntu jammy-updates/main amd64 gpgconf amd64 2.2.27-3ubuntu2.1 [94.2 kB]
#5 27.65 Get:66 http://archive.ubuntu.com/ubuntu jammy-updates/main amd64 libksba8 amd64 1.6.0-2ubuntu0.2 [119 kB]
#5 27.99 Get:67 http://archive.ubuntu.com/ubuntu jammy-updates/main amd64 libsasl2-modules-db amd64 2.1.27+dfsg2-3ubuntu1.2 [20.5 kB]
#5 27.99 Get:68 http://archive.ubuntu.com/ubuntu jammy-updates/main amd64 libsasl2-2 amd64 2.1.27+dfsg2-3ubuntu1.2 [53.8 kB]
#5 27.99 Get:69 http://archive.ubuntu.com/ubuntu jammy-updates/main amd64 libldap-2.5-0 amd64 2.5.18+dfsg-0ubuntu0.22.04.2 [183 kB]
#5 28.01 Get:70 http://archive.ubuntu.com/ubuntu jammy/main amd64 libnpth0 amd64 1.6-3build2 [8664 B]
#5 28.01 Get:71 http://archive.ubuntu.com/ubuntu jammy-updates/main amd64 dirmngr amd64 2.2.27-3ubuntu2.1 [293 kB]
#5 28.03 Get:72 http://archive.ubuntu.com/ubuntu jammy/main amd64 libfakeroot amd64 1.28-1ubuntu1 [31.5 kB]
#5 28.04 Get:73 http://archive.ubuntu.com/ubuntu jammy/main amd64 fakeroot amd64 1.28-1ubuntu1 [60.4 kB]
#5 28.04 Get:74 http://archive.ubuntu.com/ubuntu jammy/main amd64 fonts-dejavu-core all 2.37-2build1 [1041 kB]
#5 28.33 Get:75 http://archive.ubuntu.com/ubuntu jammy/main amd64 fontconfig-config all 2.13.1-4.2ubuntu5 [29.1 kB]
#5 28.33 Get:76 http://archive.ubuntu.com/ubuntu jammy-updates/main amd64 gnupg-l10n all 2.2.27-3ubuntu2.1 [54.4 kB]
#5 28.66 Get:77 http://archive.ubuntu.com/ubuntu jammy-updates/main amd64 gnupg-utils amd64 2.2.27-3ubuntu2.1 [308 kB]
#5 28.69 Get:78 http://archive.ubuntu.com/ubuntu jammy-updates/main amd64 gpg amd64 2.2.27-3ubuntu2.1 [519 kB]
#5 28.73 Get:79 http://archive.ubuntu.com/ubuntu jammy/main amd64 pinentry-curses amd64 1.1.1-1build2 [34.4 kB]
#5 28.74 Get:80 http://archive.ubuntu.com/ubuntu jammy-updates/main amd64 gpg-agent amd64 2.2.27-3ubuntu2.1 [209 kB]
#5 28.75 Get:81 http://archive.ubuntu.com/ubuntu jammy-updates/main amd64 gpg-wks-client amd64 2.2.27-3ubuntu2.1 [62.7 kB]
#5 28.76 Get:82 http://archive.ubuntu.com/ubuntu jammy-updates/main amd64 gpg-wks-server amd64 2.2.27-3ubuntu2.1 [57.5 kB]
#5 28.77 Get:83 http://archive.ubuntu.com/ubuntu jammy-updates/main amd64 gpgsm amd64 2.2.27-3ubuntu2.1 [197 kB]
#5 28.78 Get:84 http://archive.ubuntu.com/ubuntu jammy-updates/main amd64 gnupg all 2.2.27-3ubuntu2.1 [315 kB]
#5 29.00 Get:85 http://archive.ubuntu.com/ubuntu jammy/main amd64 libalgorithm-diff-perl all 1.201-1 [41.8 kB]
#5 29.01 Get:86 http://archive.ubuntu.com/ubuntu jammy/main amd64 libalgorithm-diff-xs-perl amd64 0.04-6build3 [11.9 kB]
#5 29.34 Get:87 http://archive.ubuntu.com/ubuntu jammy/main amd64 libalgorithm-merge-perl all 0.08-3 [12.0 kB]
#5 29.35 Get:88 http://archive.ubuntu.com/ubuntu jammy/main amd64 libbrotli1 amd64 1.0.9-2build6 [315 kB]
#5 29.37 Get:89 http://archive.ubuntu.com/ubuntu jammy-updates/main amd64 libfreetype6 amd64 2.11.1+dfsg-1ubuntu0.2 [389 kB]
#5 29.41 Get:90 http://archive.ubuntu.com/ubuntu jammy/main amd64 libfontconfig1 amd64 2.13.1-4.2ubuntu5 [131 kB]
#5 29.42 Get:91 http://archive.ubuntu.com/ubuntu jammy/main amd64 libjpeg-turbo8 amd64 2.1.2-0ubuntu1 [134 kB]
#5 29.43 Get:92 http://archive.ubuntu.com/ubuntu jammy/main amd64 libjpeg8 amd64 8c-2ubuntu10 [2264 B]
#5 29.43 Get:93 http://archive.ubuntu.com/ubuntu jammy/main amd64 libdeflate0 amd64 1.10-2 [70.9 kB]
#5 29.44 Get:94 http://archive.ubuntu.com/ubuntu jammy-updates/main amd64 libjbig0 amd64 2.1-3.1ubuntu0.22.04.1 [29.2 kB]
#5 29.68 Get:95 http://archive.ubuntu.com/ubuntu jammy-updates/main amd64 libwebp7 amd64 1.2.2-2ubuntu0.22.04.2 [206 kB]
#5 29.70 Get:96 http://archive.ubuntu.com/ubuntu jammy-updates/main amd64 libtiff5 amd64 4.3.0-6ubuntu0.9 [185 kB]
#5 30.02 Get:97 http://archive.ubuntu.com/ubuntu jammy-updates/main amd64 libxpm4 amd64 1:3.5.12-1ubuntu0.22.04.2 [36.7 kB]
#5 30.03 Get:98 http://archive.ubuntu.com/ubuntu jammy/main amd64 libgd3 amd64 2.3.0-2ubuntu2 [129 kB]
#5 30.03 Get:99 http://archive.ubuntu.com/ubuntu jammy-updates/main amd64 libc-devtools amd64 2.35-0ubuntu3.8 [28.9 kB]
#5 30.03 Get:100 http://archive.ubuntu.com/ubuntu jammy/main amd64 libfile-fcntllock-perl amd64 0.22-3build7 [33.9 kB]
#5 30.04 Get:101 http://archive.ubuntu.com/ubuntu jammy-updates/main amd64 libldap-common all 2.5.18+dfsg-0ubuntu0.22.04.2 [15.9 kB]
#5 30.73 Get:102 http://archive.ubuntu.com/ubuntu jammy-updates/main amd64 libsasl2-modules amd64 2.1.27+dfsg2-3ubuntu1.2 [68.8 kB]
#5 31.99 Get:103 http://archive.ubuntu.com/ubuntu jammy/main amd64 manpages-dev all 5.10-1ubuntu1 [2309 kB]
#5 35.14 debconf: delaying package configuration, since apt-utils is not installed
#5 35.17 Fetched 83.8 MB in 24s (3430 kB/s)
#5 35.19 Selecting previously unselected package liblocale-gettext-perl.
#5 35.19 (Reading database ... (Reading database ... 5%(Reading database ... 10%(Reading database ... 15%(Reading database ... 20%(Reading database ... 25%(Reading database ... 30%(Reading database ... 35%(Reading database ... 40%(Reading database ... 45%(Reading database ... 50%(Reading database ... 55%(Reading database ... 60%(Reading database ... 65%(Reading database ... 70%(Reading database ... 75%(Reading database ... 80%(Reading database ... 85%(Reading database ... 90%(Reading database ... 95%(Reading database ... 100%(Reading database ... 4393 files and directories currently installed.)
#5 35.19 Preparing to unpack .../000-liblocale-gettext-perl_1.07-4build3_amd64.deb ...
#5 35.20 Unpacking liblocale-gettext-perl (1.07-4build3) ...
#5 35.24 Selecting previously unselected package perl-modules-5.34.
#5 35.25 Preparing to unpack .../001-perl-modules-5.34_5.34.0-3ubuntu1.3_all.deb ...
#5 35.25 Unpacking perl-modules-5.34 (5.34.0-3ubuntu1.3) ...
#5 35.51 Selecting previously unselected package libgdbm6:amd64.
#5 35.51 Preparing to unpack .../002-libgdbm6_1.23-1_amd64.deb ...
#5 35.52 Unpacking libgdbm6:amd64 (1.23-1) ...
#5 35.58 Selecting previously unselected package libgdbm-compat4:amd64.
#5 35.58 Preparing to unpack .../003-libgdbm-compat4_1.23-1_amd64.deb ...
#5 35.59 Unpacking libgdbm-compat4:amd64 (1.23-1) ...
#5 35.64 Selecting previously unselected package libperl5.34:amd64.
#5 35.65 Preparing to unpack .../004-libperl5.34_5.34.0-3ubuntu1.3_amd64.deb ...
#5 35.65 Unpacking libperl5.34:amd64 (5.34.0-3ubuntu1.3) ...
#5 35.84 Selecting previously unselected package perl.
#5 35.84 Preparing to unpack .../005-perl_5.34.0-3ubuntu1.3_amd64.deb ...
#5 35.85 Unpacking perl (5.34.0-3ubuntu1.3) ...
#5 35.92 Selecting previously unselected package libmd0:amd64.
#5 35.92 Preparing to unpack .../006-libmd0_1.0.4-1build1_amd64.deb ...
#5 35.92 Unpacking libmd0:amd64 (1.0.4-1build1) ...
#5 35.98 Selecting previously unselected package libbsd0:amd64.
#5 35.98 Preparing to unpack .../007-libbsd0_0.11.5-1_amd64.deb ...
#5 35.99 Unpacking libbsd0:amd64 (0.11.5-1) ...
#5 36.04 Selecting previously unselected package libexpat1:amd64.
#5 36.04 Preparing to unpack .../008-libexpat1_2.4.7-1ubuntu0.3_amd64.deb ...
#5 36.05 Unpacking libexpat1:amd64 (2.4.7-1ubuntu0.3) ...
#5 36.11 Selecting previously unselected package readline-common.
#5 36.11 Preparing to unpack .../009-readline-common_8.1.2-1_all.deb ...
#5 36.11 Unpacking readline-common (8.1.2-1) ...
#5 36.17 Selecting previously unselected package libreadline8:amd64.
#5 36.17 Preparing to unpack .../010-libreadline8_8.1.2-1_amd64.deb ...
#5 36.18 Unpacking libreadline8:amd64 (8.1.2-1) ...
#5 36.23 Selecting previously unselected package libsqlite3-0:amd64.
#5 36.24 Preparing to unpack .../011-libsqlite3-0_3.37.2-2ubuntu0.3_amd64.deb ...
#5 36.24 Unpacking libsqlite3-0:amd64 (3.37.2-2ubuntu0.3) ...
#5 36.30 Selecting previously unselected package netbase.
#5 36.30 Preparing to unpack .../012-netbase_6.3_all.deb ...
#5 36.31 Unpacking netbase (6.3) ...
#5 36.37 Selecting previously unselected package ucf.
#5 36.37 Preparing to unpack .../013-ucf_3.0043_all.deb ...
#5 36.38 Moving old data out of the way
#5 36.38 Unpacking ucf (3.0043) ...
#5 36.44 Selecting previously unselected package libpng16-16:amd64.
#5 36.44 Preparing to unpack .../014-libpng16-16_1.6.37-3build5_amd64.deb ...
#5 36.45 Unpacking libpng16-16:amd64 (1.6.37-3build5) ...
#5 36.50 Selecting previously unselected package libxau6:amd64.
#5 36.50 Preparing to unpack .../015-libxau6_1%3a1.0.9-1build5_amd64.deb ...
#5 36.51 Unpacking libxau6:amd64 (1:1.0.9-1build5) ...
#5 36.56 Selecting previously unselected package libxdmcp6:amd64.
#5 36.56 Preparing to unpack .../016-libxdmcp6_1%3a1.1.3-0ubuntu5_amd64.deb ...
#5 36.57 Unpacking libxdmcp6:amd64 (1:1.1.3-0ubuntu5) ...
#5 36.62 Selecting previously unselected package libxcb1:amd64.
#5 36.62 Preparing to unpack .../017-libxcb1_1.14-3ubuntu3_amd64.deb ...
#5 36.63 Unpacking libxcb1:amd64 (1.14-3ubuntu3) ...
#5 36.67 Selecting previously unselected package libx11-data.
#5 36.68 Preparing to unpack .../018-libx11-data_2%3a1.7.5-1ubuntu0.3_all.deb ...
#5 36.69 Unpacking libx11-data (2:1.7.5-1ubuntu0.3) ...
#5 36.77 Selecting previously unselected package libx11-6:amd64.
#5 36.77 Preparing to unpack .../019-libx11-6_2%3a1.7.5-1ubuntu0.3_amd64.deb ...
#5 36.78 Unpacking libx11-6:amd64 (2:1.7.5-1ubuntu0.3) ...
#5 36.83 Selecting previously unselected package manpages.
#5 36.83 Preparing to unpack .../020-manpages_5.10-1ubuntu1_all.deb ...
#5 36.84 Unpacking manpages (5.10-1ubuntu1) ...
#5 36.95 Selecting previously unselected package xz-utils.
#5 36.95 Preparing to unpack .../021-xz-utils_5.2.5-2ubuntu1_amd64.deb ...
#5 36.96 Unpacking xz-utils (5.2.5-2ubuntu1) ...
#5 37.01 Selecting previously unselected package binutils-common:amd64.
#5 37.01 Preparing to unpack .../022-binutils-common_2.38-4ubuntu2.6_amd64.deb ...
#5 37.02 Unpacking binutils-common:amd64 (2.38-4ubuntu2.6) ...
#5 37.07 Selecting previously unselected package libbinutils:amd64.
#5 37.07 Preparing to unpack .../023-libbinutils_2.38-4ubuntu2.6_amd64.deb ...
#5 37.08 Unpacking libbinutils:amd64 (2.38-4ubuntu2.6) ...
#5 37.14 Selecting previously unselected package libctf-nobfd0:amd64.
#5 37.14 Preparing to unpack .../024-libctf-nobfd0_2.38-4ubuntu2.6_amd64.deb ...
#5 37.15 Unpacking libctf-nobfd0:amd64 (2.38-4ubuntu2.6) ...
#5 37.20 Selecting previously unselected package libctf0:amd64.
#5 37.20 Preparing to unpack .../025-libctf0_2.38-4ubuntu2.6_amd64.deb ...
#5 37.21 Unpacking libctf0:amd64 (2.38-4ubuntu2.6) ...
#5 37.25 Selecting previously unselected package binutils-x86-64-linux-gnu.
#5 37.25 Preparing to unpack .../026-binutils-x86-64-linux-gnu_2.38-4ubuntu2.6_amd64.deb ...
#5 37.26 Unpacking binutils-x86-64-linux-gnu (2.38-4ubuntu2.6) ...
#5 37.35 Selecting previously unselected package binutils.
#5 37.35 Preparing to unpack .../027-binutils_2.38-4ubuntu2.6_amd64.deb ...
#5 37.36 Unpacking binutils (2.38-4ubuntu2.6) ...
#5 37.40 Selecting previously unselected package libc-dev-bin.
#5 37.40 Preparing to unpack .../028-libc-dev-bin_2.35-0ubuntu3.8_amd64.deb ...
#5 37.41 Unpacking libc-dev-bin (2.35-0ubuntu3.8) ...
#5 37.45 Selecting previously unselected package linux-libc-dev:amd64.
#5 37.45 Preparing to unpack .../029-linux-libc-dev_5.15.0-117.127_amd64.deb ...
#5 37.46 Unpacking linux-libc-dev:amd64 (5.15.0-117.127) ...
#5 37.62 Selecting previously unselected package libcrypt-dev:amd64.
#5 37.62 Preparing to unpack .../030-libcrypt-dev_1%3a4.4.27-1_amd64.deb ...
#5 37.63 Unpacking libcrypt-dev:amd64 (1:4.4.27-1) ...
#5 37.67 Selecting previously unselected package rpcsvc-proto.
#5 37.67 Preparing to unpack .../031-rpcsvc-proto_1.4.2-0ubuntu6_amd64.deb ...
#5 37.68 Unpacking rpcsvc-proto (1.4.2-0ubuntu6) ...
#5 37.73 Selecting previously unselected package libtirpc-dev:amd64.
#5 37.73 Preparing to unpack .../032-libtirpc-dev_1.3.2-2ubuntu0.1_amd64.deb ...
#5 37.74 Unpacking libtirpc-dev:amd64 (1.3.2-2ubuntu0.1) ...
#5 37.79 Selecting previously unselected package libnsl-dev:amd64.
#5 37.79 Preparing to unpack .../033-libnsl-dev_1.3.0-2build2_amd64.deb ...
#5 37.80 Unpacking libnsl-dev:amd64 (1.3.0-2build2) ...
#5 37.85 Selecting previously unselected package libc6-dev:amd64.
#5 37.85 Preparing to unpack .../034-libc6-dev_2.35-0ubuntu3.8_amd64.deb ...
#5 37.86 Unpacking libc6-dev:amd64 (2.35-0ubuntu3.8) ...
#5 37.99 Selecting previously unselected package gcc-11-base:amd64.
#5 37.99 Preparing to unpack .../035-gcc-11-base_11.4.0-1ubuntu1~22.04_amd64.deb ...
#5 38.00 Unpacking gcc-11-base:amd64 (11.4.0-1ubuntu1~22.04) ...
#5 38.05 Selecting previously unselected package libisl23:amd64.
#5 38.05 Preparing to unpack .../036-libisl23_0.24-2build1_amd64.deb ...
#5 38.06 Unpacking libisl23:amd64 (0.24-2build1) ...
#5 38.12 Selecting previously unselected package libmpfr6:amd64.
#5 38.12 Preparing to unpack .../037-libmpfr6_4.1.0-3build3_amd64.deb ...
#5 38.13 Unpacking libmpfr6:amd64 (4.1.0-3build3) ...
#5 38.19 Selecting previously unselected package libmpc3:amd64.
#5 38.20 Preparing to unpack .../038-libmpc3_1.2.1-2build1_amd64.deb ...
#5 38.20 Unpacking libmpc3:amd64 (1.2.1-2build1) ...
#5 38.25 Selecting previously unselected package cpp-11.
#5 38.25 Preparing to unpack .../039-cpp-11_11.4.0-1ubuntu1~22.04_amd64.deb ...
#5 38.26 Unpacking cpp-11 (11.4.0-1ubuntu1~22.04) ...
#5 38.41 Selecting previously unselected package cpp.
#5 38.41 Preparing to unpack .../040-cpp_4%3a11.2.0-1ubuntu1_amd64.deb ...
#5 38.42 Unpacking cpp (4:11.2.0-1ubuntu1) ...
#5 38.48 Selecting previously unselected package libcc1-0:amd64.
#5 38.48 Preparing to unpack .../041-libcc1-0_12.3.0-1ubuntu1~22.04_amd64.deb ...
#5 38.48 Unpacking libcc1-0:amd64 (12.3.0-1ubuntu1~22.04) ...
#5 38.54 Selecting previously unselected package libgomp1:amd64.
#5 38.54 Preparing to unpack .../042-libgomp1_12.3.0-1ubuntu1~22.04_amd64.deb ...
#5 38.55 Unpacking libgomp1:amd64 (12.3.0-1ubuntu1~22.04) ...
#5 38.60 Selecting previously unselected package libitm1:amd64.
#5 38.60 Preparing to unpack .../043-libitm1_12.3.0-1ubuntu1~22.04_amd64.deb ...
#5 38.61 Unpacking libitm1:amd64 (12.3.0-1ubuntu1~22.04) ...
#5 38.67 Selecting previously unselected package libatomic1:amd64.
#5 38.67 Preparing to unpack .../044-libatomic1_12.3.0-1ubuntu1~22.04_amd64.deb ...
#5 38.67 Unpacking libatomic1:amd64 (12.3.0-1ubuntu1~22.04) ...
#5 38.73 Selecting previously unselected package libasan6:amd64.
#5 38.73 Preparing to unpack .../045-libasan6_11.4.0-1ubuntu1~22.04_amd64.deb ...
#5 38.74 Unpacking libasan6:amd64 (11.4.0-1ubuntu1~22.04) ...
#5 38.83 Selecting previously unselected package liblsan0:amd64.
#5 38.83 Preparing to unpack .../046-liblsan0_12.3.0-1ubuntu1~22.04_amd64.deb ...
#5 38.84 Unpacking liblsan0:amd64 (12.3.0-1ubuntu1~22.04) ...
#5 38.91 Selecting previously unselected package libtsan0:amd64.
#5 38.91 Preparing to unpack .../047-libtsan0_11.4.0-1ubuntu1~22.04_amd64.deb ...
#5 38.92 Unpacking libtsan0:amd64 (11.4.0-1ubuntu1~22.04) ...
#5 39.00 Selecting previously unselected package libubsan1:amd64.
#5 39.00 Preparing to unpack .../048-libubsan1_12.3.0-1ubuntu1~22.04_amd64.deb ...
#5 39.01 Unpacking libubsan1:amd64 (12.3.0-1ubuntu1~22.04) ...
#5 39.07 Selecting previously unselected package libquadmath0:amd64.
#5 39.07 Preparing to unpack .../049-libquadmath0_12.3.0-1ubuntu1~22.04_amd64.deb ...
#5 39.08 Unpacking libquadmath0:amd64 (12.3.0-1ubuntu1~22.04) ...
#5 39.12 Selecting previously unselected package libgcc-11-dev:amd64.
#5 39.12 Preparing to unpack .../050-libgcc-11-dev_11.4.0-1ubuntu1~22.04_amd64.deb ...
#5 39.13 Unpacking libgcc-11-dev:amd64 (11.4.0-1ubuntu1~22.04) ...
#5 39.23 Selecting previously unselected package gcc-11.
#5 39.23 Preparing to unpack .../051-gcc-11_11.4.0-1ubuntu1~22.04_amd64.deb ...
#5 39.24 Unpacking gcc-11 (11.4.0-1ubuntu1~22.04) ...
#5 39.50 Selecting previously unselected package gcc.
#5 39.50 Preparing to unpack .../052-gcc_4%3a11.2.0-1ubuntu1_amd64.deb ...
#5 39.51 Unpacking gcc (4:11.2.0-1ubuntu1) ...
#5 39.55 Selecting previously unselected package libstdc++-11-dev:amd64.
#5 39.55 Preparing to unpack .../053-libstdc++-11-dev_11.4.0-1ubuntu1~22.04_amd64.deb ...
#5 39.56 Unpacking libstdc++-11-dev:amd64 (11.4.0-1ubuntu1~22.04) ...
#5 39.74 Selecting previously unselected package g++-11.
#5 39.74 Preparing to unpack .../054-g++-11_11.4.0-1ubuntu1~22.04_amd64.deb ...
#5 39.75 Unpacking g++-11 (11.4.0-1ubuntu1~22.04) ...
#5 39.91 Selecting previously unselected package g++.
#5 39.91 Preparing to unpack .../055-g++_4%3a11.2.0-1ubuntu1_amd64.deb ...
#5 39.92 Unpacking g++ (4:11.2.0-1ubuntu1) ...
#5 39.96 Selecting previously unselected package make.
#5 39.97 Preparing to unpack .../056-make_4.3-4.1build1_amd64.deb ...
#5 39.97 Unpacking make (4.3-4.1build1) ...
#5 40.01 Selecting previously unselected package libdpkg-perl.
#5 40.01 Preparing to unpack .../057-libdpkg-perl_1.21.1ubuntu2.3_all.deb ...
#5 40.02 Unpacking libdpkg-perl (1.21.1ubuntu2.3) ...
#5 40.08 Selecting previously unselected package bzip2.
#5 40.08 Preparing to unpack .../058-bzip2_1.0.8-5build1_amd64.deb ...
#5 40.09 Unpacking bzip2 (1.0.8-5build1) ...
#5 40.13 Selecting previously unselected package patch.
#5 40.13 Preparing to unpack .../059-patch_2.7.6-7build2_amd64.deb ...
#5 40.14 Unpacking patch (2.7.6-7build2) ...
#5 40.19 Selecting previously unselected package lto-disabled-list.
#5 40.19 Preparing to unpack .../060-lto-disabled-list_24_all.deb ...
#5 40.20 Unpacking lto-disabled-list (24) ...
#5 40.24 Selecting previously unselected package dpkg-dev.
#5 40.24 Preparing to unpack .../061-dpkg-dev_1.21.1ubuntu2.3_all.deb ...
#5 40.25 Unpacking dpkg-dev (1.21.1ubuntu2.3) ...
#5 40.31 Selecting previously unselected package build-essential.
#5 40.31 Preparing to unpack .../062-build-essential_12.9ubuntu3_amd64.deb ...
#5 40.32 Unpacking build-essential (12.9ubuntu3) ...
#5 40.37 Selecting previously unselected package libassuan0:amd64.
#5 40.37 Preparing to unpack .../063-libassuan0_2.5.5-1build1_amd64.deb ...
#5 40.38 Unpacking libassuan0:amd64 (2.5.5-1build1) ...
#5 40.42 Selecting previously unselected package gpgconf.
#5 40.42 Preparing to unpack .../064-gpgconf_2.2.27-3ubuntu2.1_amd64.deb ...
#5 40.43 Unpacking gpgconf (2.2.27-3ubuntu2.1) ...
#5 40.48 Selecting previously unselected package libksba8:amd64.
#5 40.48 Preparing to unpack .../065-libksba8_1.6.0-2ubuntu0.2_amd64.deb ...
#5 40.49 Unpacking libksba8:amd64 (1.6.0-2ubuntu0.2) ...
#5 40.53 Selecting previously unselected package libsasl2-modules-db:amd64.
#5 40.53 Preparing to unpack .../066-libsasl2-modules-db_2.1.27+dfsg2-3ubuntu1.2_amd64.deb ...
#5 40.54 Unpacking libsasl2-modules-db:amd64 (2.1.27+dfsg2-3ubuntu1.2) ...
#5 40.59 Selecting previously unselected package libsasl2-2:amd64.
#5 40.59 Preparing to unpack .../067-libsasl2-2_2.1.27+dfsg2-3ubuntu1.2_amd64.deb ...
#5 40.60 Unpacking libsasl2-2:amd64 (2.1.27+dfsg2-3ubuntu1.2) ...
#5 40.65 Selecting previously unselected package libldap-2.5-0:amd64.
#5 40.66 Preparing to unpack .../068-libldap-2.5-0_2.5.18+dfsg-0ubuntu0.22.04.2_amd64.deb ...
#5 40.66 Unpacking libldap-2.5-0:amd64 (2.5.18+dfsg-0ubuntu0.22.04.2) ...
#5 40.72 Selecting previously unselected package libnpth0:amd64.
#5 40.72 Preparing to unpack .../069-libnpth0_1.6-3build2_amd64.deb ...
#5 40.73 Unpacking libnpth0:amd64 (1.6-3build2) ...
#5 40.79 Selecting previously unselected package dirmngr.
#5 40.79 Preparing to unpack .../070-dirmngr_2.2.27-3ubuntu2.1_amd64.deb ...
#5 40.80 Unpacking dirmngr (2.2.27-3ubuntu2.1) ...
#5 40.86 Selecting previously unselected package libfakeroot:amd64.
#5 40.87 Preparing to unpack .../071-libfakeroot_1.28-1ubuntu1_amd64.deb ...
#5 40.87 Unpacking libfakeroot:amd64 (1.28-1ubuntu1) ...
#5 40.92 Selecting previously unselected package fakeroot.
#5 40.92 Preparing to unpack .../072-fakeroot_1.28-1ubuntu1_amd64.deb ...
#5 40.93 Unpacking fakeroot (1.28-1ubuntu1) ...
#5 40.98 Selecting previously unselected package fonts-dejavu-core.
#5 40.98 Preparing to unpack .../073-fonts-dejavu-core_2.37-2build1_all.deb ...
#5 40.99 Unpacking fonts-dejavu-core (2.37-2build1) ...
#5 41.12 Selecting previously unselected package fontconfig-config.
#5 41.12 Preparing to unpack .../074-fontconfig-config_2.13.1-4.2ubuntu5_all.deb ...
#5 41.12 Unpacking fontconfig-config (2.13.1-4.2ubuntu5) ...
#5 41.17 Selecting previously unselected package gnupg-l10n.
#5 41.17 Preparing to unpack .../075-gnupg-l10n_2.2.27-3ubuntu2.1_all.deb ...
#5 41.18 Unpacking gnupg-l10n (2.2.27-3ubuntu2.1) ...
#5 41.22 Selecting previously unselected package gnupg-utils.
#5 41.23 Preparing to unpack .../076-gnupg-utils_2.2.27-3ubuntu2.1_amd64.deb ...
#5 41.23 Unpacking gnupg-utils (2.2.27-3ubuntu2.1) ...
#5 41.28 Selecting previously unselected package gpg.
#5 41.28 Preparing to unpack .../077-gpg_2.2.27-3ubuntu2.1_amd64.deb ...
#5 41.29 Unpacking gpg (2.2.27-3ubuntu2.1) ...
#5 41.35 Selecting previously unselected package pinentry-curses.
#5 41.35 Preparing to unpack .../078-pinentry-curses_1.1.1-1build2_amd64.deb ...
#5 41.36 Unpacking pinentry-curses (1.1.1-1build2) ...
#5 41.41 Selecting previously unselected package gpg-agent.
#5 41.41 Preparing to unpack .../079-gpg-agent_2.2.27-3ubuntu2.1_amd64.deb ...
#5 41.42 Unpacking gpg-agent (2.2.27-3ubuntu2.1) ...
#5 41.46 Selecting previously unselected package gpg-wks-client.
#5 41.46 Preparing to unpack .../080-gpg-wks-client_2.2.27-3ubuntu2.1_amd64.deb ...
#5 41.47 Unpacking gpg-wks-client (2.2.27-3ubuntu2.1) ...
#5 41.52 Selecting previously unselected package gpg-wks-server.
#5 41.52 Preparing to unpack .../081-gpg-wks-server_2.2.27-3ubuntu2.1_amd64.deb ...
#5 41.53 Unpacking gpg-wks-server (2.2.27-3ubuntu2.1) ...
#5 41.57 Selecting previously unselected package gpgsm.
#5 41.57 Preparing to unpack .../082-gpgsm_2.2.27-3ubuntu2.1_amd64.deb ...
#5 41.58 Unpacking gpgsm (2.2.27-3ubuntu2.1) ...
#5 41.62 Selecting previously unselected package gnupg.
#5 41.63 Preparing to unpack .../083-gnupg_2.2.27-3ubuntu2.1_all.deb ...
#5 41.65 Unpacking gnupg (2.2.27-3ubuntu2.1) ...
#5 41.70 Selecting previously unselected package libalgorithm-diff-perl.
#5 41.70 Preparing to unpack .../084-libalgorithm-diff-perl_1.201-1_all.deb ...
#5 41.71 Unpacking libalgorithm-diff-perl (1.201-1) ...
#5 41.75 Selecting previously unselected package libalgorithm-diff-xs-perl.
#5 41.75 Preparing to unpack .../085-libalgorithm-diff-xs-perl_0.04-6build3_amd64.deb ...
#5 41.76 Unpacking libalgorithm-diff-xs-perl (0.04-6build3) ...
#5 41.80 Selecting previously unselected package libalgorithm-merge-perl.
#5 41.80 Preparing to unpack .../086-libalgorithm-merge-perl_0.08-3_all.deb ...
#5 41.81 Unpacking libalgorithm-merge-perl (0.08-3) ...
#5 41.86 Selecting previously unselected package libbrotli1:amd64.
#5 41.86 Preparing to unpack .../087-libbrotli1_1.0.9-2build6_amd64.deb ...
#5 41.87 Unpacking libbrotli1:amd64 (1.0.9-2build6) ...
#5 41.93 Selecting previously unselected package libfreetype6:amd64.
#5 41.93 Preparing to unpack .../088-libfreetype6_2.11.1+dfsg-1ubuntu0.2_amd64.deb ...
#5 41.94 Unpacking libfreetype6:amd64 (2.11.1+dfsg-1ubuntu0.2) ...
#5 42.00 Selecting previously unselected package libfontconfig1:amd64.
#5 42.00 Preparing to unpack .../089-libfontconfig1_2.13.1-4.2ubuntu5_amd64.deb ...
#5 42.01 Unpacking libfontconfig1:amd64 (2.13.1-4.2ubuntu5) ...
#5 42.06 Selecting previously unselected package libjpeg-turbo8:amd64.
#5 42.07 Preparing to unpack .../090-libjpeg-turbo8_2.1.2-0ubuntu1_amd64.deb ...
#5 42.07 Unpacking libjpeg-turbo8:amd64 (2.1.2-0ubuntu1) ...
#5 42.12 Selecting previously unselected package libjpeg8:amd64.
#5 42.12 Preparing to unpack .../091-libjpeg8_8c-2ubuntu10_amd64.deb ...
#5 42.13 Unpacking libjpeg8:amd64 (8c-2ubuntu10) ...
#5 42.18 Selecting previously unselected package libdeflate0:amd64.
#5 42.18 Preparing to unpack .../092-libdeflate0_1.10-2_amd64.deb ...
#5 42.19 Unpacking libdeflate0:amd64 (1.10-2) ...
#5 42.25 Selecting previously unselected package libjbig0:amd64.
#5 42.25 Preparing to unpack .../093-libjbig0_2.1-3.1ubuntu0.22.04.1_amd64.deb ...
#5 42.26 Unpacking libjbig0:amd64 (2.1-3.1ubuntu0.22.04.1) ...
#5 42.31 Selecting previously unselected package libwebp7:amd64.
#5 42.31 Preparing to unpack .../094-libwebp7_1.2.2-2ubuntu0.22.04.2_amd64.deb ...
#5 42.32 Unpacking libwebp7:amd64 (1.2.2-2ubuntu0.22.04.2) ...
#5 42.38 Selecting previously unselected package libtiff5:amd64.
#5 42.38 Preparing to unpack .../095-libtiff5_4.3.0-6ubuntu0.9_amd64.deb ...
#5 42.39 Unpacking libtiff5:amd64 (4.3.0-6ubuntu0.9) ...
#5 42.44 Selecting previously unselected package libxpm4:amd64.
#5 42.44 Preparing to unpack .../096-libxpm4_1%3a3.5.12-1ubuntu0.22.04.2_amd64.deb ...
#5 42.45 Unpacking libxpm4:amd64 (1:3.5.12-1ubuntu0.22.04.2) ...
#5 42.51 Selecting previously unselected package libgd3:amd64.
#5 42.51 Preparing to unpack .../097-libgd3_2.3.0-2ubuntu2_amd64.deb ...
#5 42.52 Unpacking libgd3:amd64 (2.3.0-2ubuntu2) ...
#5 42.56 Selecting previously unselected package libc-devtools.
#5 42.56 Preparing to unpack .../098-libc-devtools_2.35-0ubuntu3.8_amd64.deb ...
#5 42.57 Unpacking libc-devtools (2.35-0ubuntu3.8) ...
#5 42.62 Selecting previously unselected package libfile-fcntllock-perl.
#5 42.62 Preparing to unpack .../099-libfile-fcntllock-perl_0.22-3build7_amd64.deb ...
#5 42.63 Unpacking libfile-fcntllock-perl (0.22-3build7) ...
#5 42.68 Selecting previously unselected package libldap-common.
#5 42.68 Preparing to unpack .../100-libldap-common_2.5.18+dfsg-0ubuntu0.22.04.2_all.deb ...
#5 42.68 Unpacking libldap-common (2.5.18+dfsg-0ubuntu0.22.04.2) ...
#5 42.74 Selecting previously unselected package libsasl2-modules:amd64.
#5 42.74 Preparing to unpack .../101-libsasl2-modules_2.1.27+dfsg2-3ubuntu1.2_amd64.deb ...
#5 42.75 Unpacking libsasl2-modules:amd64 (2.1.27+dfsg2-3ubuntu1.2) ...
#5 42.79 Selecting previously unselected package manpages-dev.
#5 42.79 Preparing to unpack .../102-manpages-dev_5.10-1ubuntu1_all.deb ...
#5 42.80 Unpacking manpages-dev (5.10-1ubuntu1) ...
#5 43.00 Setting up libksba8:amd64 (1.6.0-2ubuntu0.2) ...
#5 43.03 Setting up libexpat1:amd64 (2.4.7-1ubuntu0.3) ...
#5 43.05 Setting up gcc-11-base:amd64 (11.4.0-1ubuntu1~22.04) ...
#5 43.07 Setting up libxau6:amd64 (1:1.0.9-1build5) ...
#5 43.10 Setting up lto-disabled-list (24) ...
#5 43.12 Setting up manpages (5.10-1ubuntu1) ...
#5 43.14 Setting up libbrotli1:amd64 (1.0.9-2build6) ...
#5 43.17 Setting up libsqlite3-0:amd64 (3.37.2-2ubuntu0.3) ...
#5 43.19 Setting up libsasl2-modules:amd64 (2.1.27+dfsg2-3ubuntu1.2) ...
#5 43.22 Setting up binutils-common:amd64 (2.38-4ubuntu2.6) ...
#5 43.24 Setting up libdeflate0:amd64 (1.10-2) ...
#5 43.27 Setting up linux-libc-dev:amd64 (5.15.0-117.127) ...
#5 43.29 Setting up libctf-nobfd0:amd64 (2.38-4ubuntu2.6) ...
#5 43.31 Setting up libnpth0:amd64 (1.6-3build2) ...
#5 43.34 Setting up libassuan0:amd64 (2.5.5-1build1) ...
#5 43.37 Setting up libgomp1:amd64 (12.3.0-1ubuntu1~22.04) ...
#5 43.40 Setting up perl-modules-5.34 (5.34.0-3ubuntu1.3) ...
#5 43.42 Setting up bzip2 (1.0.8-5build1) ...
#5 43.44 Setting up libldap-common (2.5.18+dfsg-0ubuntu0.22.04.2) ...
#5 43.47 Setting up libjbig0:amd64 (2.1-3.1ubuntu0.22.04.1) ...
#5 43.49 Setting up libfakeroot:amd64 (1.28-1ubuntu1) ...
#5 43.52 Setting up libasan6:amd64 (11.4.0-1ubuntu1~22.04) ...
#5 43.55 Setting up libsasl2-modules-db:amd64 (2.1.27+dfsg2-3ubuntu1.2) ...
#5 43.57 Setting up fakeroot (1.28-1ubuntu1) ...
#5 43.59 update-alternatives: using /usr/bin/fakeroot-sysv to provide /usr/bin/fakeroot (fakeroot) in auto mode
#5 43.59 update-alternatives: warning: skip creation of /usr/share/man/man1/fakeroot.1.gz because associated file /usr/share/man/man1/fakeroot-sysv.1.gz (of link group fakeroot) doesn't exist
#5 43.59 update-alternatives: warning: skip creation of /usr/share/man/man1/faked.1.gz because associated file /usr/share/man/man1/faked-sysv.1.gz (of link group fakeroot) doesn't exist
#5 43.59 update-alternatives: warning: skip creation of /usr/share/man/es/man1/fakeroot.1.gz because associated file /usr/share/man/es/man1/fakeroot-sysv.1.gz (of link group fakeroot) doesn't exist
#5 43.59 update-alternatives: warning: skip creation of /usr/share/man/es/man1/faked.1.gz because associated file /usr/share/man/es/man1/faked-sysv.1.gz (of link group fakeroot) doesn't exist
#5 43.59 update-alternatives: warning: skip creation of /usr/share/man/fr/man1/fakeroot.1.gz because associated file /usr/share/man/fr/man1/fakeroot-sysv.1.gz (of link group fakeroot) doesn't exist
#5 43.59 update-alternatives: warning: skip creation of /usr/share/man/fr/man1/faked.1.gz because associated file /usr/share/man/fr/man1/faked-sysv.1.gz (of link group fakeroot) doesn't exist
#5 43.59 update-alternatives: warning: skip creation of /usr/share/man/sv/man1/fakeroot.1.gz because associated file /usr/share/man/sv/man1/fakeroot-sysv.1.gz (of link group fakeroot) doesn't exist
#5 43.59 update-alternatives: warning: skip creation of /usr/share/man/sv/man1/faked.1.gz because associated file /usr/share/man/sv/man1/faked-sysv.1.gz (of link group fakeroot) doesn't exist
#5 43.61 Setting up libtirpc-dev:amd64 (1.3.2-2ubuntu0.1) ...
#5 43.64 Setting up rpcsvc-proto (1.4.2-0ubuntu6) ...
#5 43.66 Setting up libx11-data (2:1.7.5-1ubuntu0.3) ...
#5 43.68 Setting up make (4.3-4.1build1) ...
#5 43.70 Setting up libmpfr6:amd64 (4.1.0-3build3) ...
#5 43.73 Setting up gnupg-l10n (2.2.27-3ubuntu2.1) ...
#5 43.75 Setting up xz-utils (5.2.5-2ubuntu1) ...
#5 43.77 update-alternatives: using /usr/bin/xz to provide /usr/bin/lzma (lzma) in auto mode
#5 43.77 update-alternatives: warning: skip creation of /usr/share/man/man1/lzma.1.gz because associated file /usr/share/man/man1/xz.1.gz (of link group lzma) doesn't exist
#5 43.77 update-alternatives: warning: skip creation of /usr/share/man/man1/unlzma.1.gz because associated file /usr/share/man/man1/unxz.1.gz (of link group lzma) doesn't exist
#5 43.77 update-alternatives: warning: skip creation of /usr/share/man/man1/lzcat.1.gz because associated file /usr/share/man/man1/xzcat.1.gz (of link group lzma) doesn't exist
#5 43.77 update-alternatives: warning: skip creation of /usr/share/man/man1/lzmore.1.gz because associated file /usr/share/man/man1/xzmore.1.gz (of link group lzma) doesn't exist
#5 43.77 update-alternatives: warning: skip creation of /usr/share/man/man1/lzless.1.gz because associated file /usr/share/man/man1/xzless.1.gz (of link group lzma) doesn't exist
#5 43.77 update-alternatives: warning: skip creation of /usr/share/man/man1/lzdiff.1.gz because associated file /usr/share/man/man1/xzdiff.1.gz (of link group lzma) doesn't exist
#5 43.77 update-alternatives: warning: skip creation of /usr/share/man/man1/lzcmp.1.gz because associated file /usr/share/man/man1/xzcmp.1.gz (of link group lzma) doesn't exist
#5 43.77 update-alternatives: warning: skip creation of /usr/share/man/man1/lzgrep.1.gz because associated file /usr/share/man/man1/xzgrep.1.gz (of link group lzma) doesn't exist
#5 43.77 update-alternatives: warning: skip creation of /usr/share/man/man1/lzegrep.1.gz because associated file /usr/share/man/man1/xzegrep.1.gz (of link group lzma) doesn't exist
#5 43.77 update-alternatives: warning: skip creation of /usr/share/man/man1/lzfgrep.1.gz because associated file /usr/share/man/man1/xzfgrep.1.gz (of link group lzma) doesn't exist
#5 43.78 Setting up libquadmath0:amd64 (12.3.0-1ubuntu1~22.04) ...
#5 43.80 Setting up libpng16-16:amd64 (1.6.37-3build5) ...
#5 43.82 Setting up libmpc3:amd64 (1.2.1-2build1) ...
#5 43.85 Setting up libatomic1:amd64 (12.3.0-1ubuntu1~22.04) ...
#5 43.87 Setting up patch (2.7.6-7build2) ...
#5 43.89 Setting up fonts-dejavu-core (2.37-2build1) ...
#5 44.00 Setting up ucf (3.0043) ...
#5 44.09 debconf: unable to initialize frontend: Dialog
#5 44.09 debconf: (TERM is not set, so the dialog frontend is not usable.)
#5 44.09 debconf: falling back to frontend: Readline
#5 44.16 Setting up libjpeg-turbo8:amd64 (2.1.2-0ubuntu1) ...
#5 44.18 Setting up libsasl2-2:amd64 (2.1.27+dfsg2-3ubuntu1.2) ...
#5 44.21 Setting up libwebp7:amd64 (1.2.2-2ubuntu0.22.04.2) ...
#5 44.23 Setting up libubsan1:amd64 (12.3.0-1ubuntu1~22.04) ...
#5 44.25 Setting up libmd0:amd64 (1.0.4-1build1) ...
#5 44.27 Setting up libnsl-dev:amd64 (1.3.0-2build2) ...
#5 44.29 Setting up libcrypt-dev:amd64 (1:4.4.27-1) ...
#5 44.32 Setting up netbase (6.3) ...
#5 44.37 Setting up libbinutils:amd64 (2.38-4ubuntu2.6) ...
#5 44.40 Setting up libisl23:amd64 (0.24-2build1) ...
#5 44.42 Setting up libc-dev-bin (2.35-0ubuntu3.8) ...
#5 44.44 Setting up libbsd0:amd64 (0.11.5-1) ...
#5 44.46 Setting up readline-common (8.1.2-1) ...
#5 44.48 Setting up libcc1-0:amd64 (12.3.0-1ubuntu1~22.04) ...
#5 44.51 Setting up liblocale-gettext-perl (1.07-4build3) ...
#5 44.53 Setting up liblsan0:amd64 (12.3.0-1ubuntu1~22.04) ...
#5 44.56 Setting up libitm1:amd64 (12.3.0-1ubuntu1~22.04) ...
#5 44.58 Setting up libgdbm6:amd64 (1.23-1) ...
#5 44.60 Setting up libtsan0:amd64 (11.4.0-1ubuntu1~22.04) ...
#5 44.63 Setting up libctf0:amd64 (2.38-4ubuntu2.6) ...
#5 44.65 Setting up libjpeg8:amd64 (8c-2ubuntu10) ...
#5 44.67 Setting up pinentry-curses (1.1.1-1build2) ...
#5 44.71 Setting up cpp-11 (11.4.0-1ubuntu1~22.04) ...
#5 44.73 Setting up manpages-dev (5.10-1ubuntu1) ...
#5 44.75 Setting up libxdmcp6:amd64 (1:1.1.3-0ubuntu5) ...
#5 44.77 Setting up libxcb1:amd64 (1.14-3ubuntu3) ...
#5 44.80 Setting up fontconfig-config (2.13.1-4.2ubuntu5) ...
#5 45.14 Setting up libreadline8:amd64 (8.1.2-1) ...
#5 45.16 Setting up libldap-2.5-0:amd64 (2.5.18+dfsg-0ubuntu0.22.04.2) ...
#5 45.18 Setting up libfreetype6:amd64 (2.11.1+dfsg-1ubuntu0.2) ...
#5 45.21 Setting up libgdbm-compat4:amd64 (1.23-1) ...
#5 45.23 Setting up libgcc-11-dev:amd64 (11.4.0-1ubuntu1~22.04) ...
#5 45.25 Setting up cpp (4:11.2.0-1ubuntu1) ...
#5 45.28 Setting up gpgconf (2.2.27-3ubuntu2.1) ...
#5 45.30 Setting up libc6-dev:amd64 (2.35-0ubuntu3.8) ...
#5 45.33 Setting up libx11-6:amd64 (2:1.7.5-1ubuntu0.3) ...
#5 45.35 Setting up libtiff5:amd64 (4.3.0-6ubuntu0.9) ...
#5 45.37 Setting up libfontconfig1:amd64 (2.13.1-4.2ubuntu5) ...
#5 45.39 Setting up gpg (2.2.27-3ubuntu2.1) ...
#5 45.42 Setting up gnupg-utils (2.2.27-3ubuntu2.1) ...
#5 45.44 Setting up binutils-x86-64-linux-gnu (2.38-4ubuntu2.6) ...
#5 45.46 Setting up libperl5.34:amd64 (5.34.0-3ubuntu1.3) ...
#5 45.49 Setting up gpg-agent (2.2.27-3ubuntu2.1) ...
#5 45.86 Setting up libxpm4:amd64 (1:3.5.12-1ubuntu0.22.04.2) ...
#5 45.89 Setting up gpgsm (2.2.27-3ubuntu2.1) ...
#5 45.91 Setting up binutils (2.38-4ubuntu2.6) ...
#5 45.93 Setting up dirmngr (2.2.27-3ubuntu2.1) ...
#5 46.05 Setting up perl (5.34.0-3ubuntu1.3) ...
#5 46.09 Setting up libgd3:amd64 (2.3.0-2ubuntu2) ...
#5 46.11 Setting up libdpkg-perl (1.21.1ubuntu2.3) ...
#5 46.13 Setting up libstdc++-11-dev:amd64 (11.4.0-1ubuntu1~22.04) ...
#5 46.16 Setting up gpg-wks-server (2.2.27-3ubuntu2.1) ...
#5 46.18 Setting up gcc-11 (11.4.0-1ubuntu1~22.04) ...
#5 46.20 Setting up libc-devtools (2.35-0ubuntu3.8) ...
#5 46.23 Setting up gpg-wks-client (2.2.27-3ubuntu2.1) ...
#5 46.25 Setting up g++-11 (11.4.0-1ubuntu1~22.04) ...
#5 46.27 Setting up libfile-fcntllock-perl (0.22-3build7) ...
#5 46.30 Setting up libalgorithm-diff-perl (1.201-1) ...
#5 46.32 Setting up gcc (4:11.2.0-1ubuntu1) ...
#5 46.36 Setting up dpkg-dev (1.21.1ubuntu2.3) ...
#5 46.40 Setting up g++ (4:11.2.0-1ubuntu1) ...
#5 46.42 update-alternatives: using /usr/bin/g++ to provide /usr/bin/c++ (c++) in auto mode
#5 46.42 update-alternatives: warning: skip creation of /usr/share/man/man1/c++.1.gz because associated file /usr/share/man/man1/g++.1.gz (of link group c++) doesn't exist
#5 46.43 Setting up gnupg (2.2.27-3ubuntu2.1) ...
#5 46.45 Setting up build-essential (12.9ubuntu3) ...
#5 46.48 Setting up libalgorithm-diff-xs-perl (0.04-6build3) ...
#5 46.50 Setting up libalgorithm-merge-perl (0.08-3) ...
#5 46.52 Processing triggers for libc-bin (2.35-0ubuntu3.8) ...
#5 46.61 Reading package lists...
#5 47.24 Building dependency tree...
#5 47.41 Reading state information...
#5 47.53 The following additional packages will be installed:
#5 47.53   ca-certificates libpsl5 openssl publicsuffix
#5 47.56 The following NEW packages will be installed:
#5 47.56   ca-certificates libpsl5 openssl publicsuffix wget
#5 48.25 0 upgraded, 5 newly installed, 0 to remove and 0 not upgraded.
#5 48.25 Need to get 1868 kB of archives.
#5 48.25 After this operation, 3887 kB of additional disk space will be used.
#5 48.25 Get:1 http://archive.ubuntu.com/ubuntu jammy-updates/main amd64 openssl amd64 3.0.2-0ubuntu1.16 [1186 kB]
#5 50.95 Get:2 http://archive.ubuntu.com/ubuntu jammy-updates/main amd64 ca-certificates all 20230311ubuntu0.22.04.1 [155 kB]
#5 50.98 Get:3 http://archive.ubuntu.com/ubuntu jammy/main amd64 libpsl5 amd64 0.21.0-1.2build2 [58.4 kB]
#5 50.99 Get:4 http://archive.ubuntu.com/ubuntu jammy/main amd64 publicsuffix all 20211207.1025-1 [129 kB]
#5 51.01 Get:5 http://archive.ubuntu.com/ubuntu jammy-updates/main amd64 wget amd64 1.21.2-2ubuntu1.1 [339 kB]
#5 51.17 debconf: delaying package configuration, since apt-utils is not installed
#5 51.19 Fetched 1868 kB in 4s (532 kB/s)
#5 51.22 Selecting previously unselected package openssl.
#5 51.22 (Reading database ... (Reading database ... 5%(Reading database ... 10%(Reading database ... 15%(Reading database ... 20%(Reading database ... 25%(Reading database ... 30%(Reading database ... 35%(Reading database ... 40%(Reading database ... 45%(Reading database ... 50%(Reading database ... 55%(Reading database ... 60%(Reading database ... 65%(Reading database ... 70%(Reading database ... 75%(Reading database ... 80%(Reading database ... 85%(Reading database ... 90%(Reading database ... 95%(Reading database ... 100%(Reading database ... 13468 files and directories currently installed.)
#5 51.22 Preparing to unpack .../openssl_3.0.2-0ubuntu1.16_amd64.deb ...
#5 51.23 Unpacking openssl (3.0.2-0ubuntu1.16) ...
#5 51.30 Selecting previously unselected package ca-certificates.
#5 51.30 Preparing to unpack .../ca-certificates_20230311ubuntu0.22.04.1_all.deb ...
#5 51.31 Unpacking ca-certificates (20230311ubuntu0.22.04.1) ...
#5 51.40 Selecting previously unselected package libpsl5:amd64.
#5 51.40 Preparing to unpack .../libpsl5_0.21.0-1.2build2_amd64.deb ...
#5 51.41 Unpacking libpsl5:amd64 (0.21.0-1.2build2) ...
#5 51.46 Selecting previously unselected package publicsuffix.
#5 51.46 Preparing to unpack .../publicsuffix_20211207.1025-1_all.deb ...
#5 51.47 Unpacking publicsuffix (20211207.1025-1) ...
#5 51.52 Selecting previously unselected package wget.
#5 51.52 Preparing to unpack .../wget_1.21.2-2ubuntu1.1_amd64.deb ...
#5 51.52 Unpacking wget (1.21.2-2ubuntu1.1) ...
#5 51.57 Setting up libpsl5:amd64 (0.21.0-1.2build2) ...
#5 51.60 Setting up wget (1.21.2-2ubuntu1.1) ...
#5 51.63 Setting up openssl (3.0.2-0ubuntu1.16) ...
#5 51.66 Setting up publicsuffix (20211207.1025-1) ...
#5 51.68 Setting up ca-certificates (20230311ubuntu0.22.04.1) ...
#5 51.75 debconf: unable to initialize frontend: Dialog
#5 51.75 debconf: (TERM is not set, so the dialog frontend is not usable.)
#5 51.75 debconf: falling back to frontend: Readline
#5 51.99 Updating certificates in /etc/ssl/certs...
#5 52.34 137 added, 0 removed; done.
#5 52.38 Processing triggers for libc-bin (2.35-0ubuntu3.8) ...
#5 52.41 Processing triggers for ca-certificates (20230311ubuntu0.22.04.1) ...
#5 52.42 Updating certificates in /etc/ssl/certs...
#5 52.68 0 added, 0 removed; done.
#5 52.68 Running hooks in /etc/ca-certificates/update.d...
#5 52.68 done.
#5 52.74 Reading package lists...
#5 53.38 Building dependency tree...
#5 53.54 Reading state information...
#5 53.67 The following additional packages will be installed:
#5 53.67   git-man less libcbor0.8 libcurl3-gnutls libedit2 liberror-perl libfido2-1
#5 53.67   libnghttp2-14 librtmp1 libssh-4 libxext6 libxmuu1 openssh-client xauth
#5 53.67 Suggested packages:
#5 53.67   gettext-base git-daemon-run | git-daemon-sysvinit git-doc git-email git-gui
#5 53.67   gitk gitweb git-cvs git-mediawiki git-svn keychain libpam-ssh monkeysphere
#5 53.67   ssh-askpass
#5 53.70 The following NEW packages will be installed:
#5 53.70   git git-man less libcbor0.8 libcurl3-gnutls libedit2 liberror-perl
#5 53.70   libfido2-1 libnghttp2-14 librtmp1 libssh-4 libxext6 libxmuu1 openssh-client
#5 53.70   xauth
#5 54.25 0 upgraded, 15 newly installed, 0 to remove and 0 not upgraded.
#5 54.25 Need to get 6073 kB of archives.
#5 54.25 After this operation, 27.0 MB of additional disk space will be used.
#5 54.25 Get:1 http://archive.ubuntu.com/ubuntu jammy-updates/main amd64 less amd64 590-1ubuntu0.22.04.3 [142 kB]
#5 55.54 Get:2 http://archive.ubuntu.com/ubuntu jammy/main amd64 libcbor0.8 amd64 0.8.0-2ubuntu1 [24.6 kB]
#5 55.58 Get:3 http://archive.ubuntu.com/ubuntu jammy/main amd64 libedit2 amd64 3.1-20210910-1build1 [96.8 kB]
#5 55.71 Get:4 http://archive.ubuntu.com/ubuntu jammy/main amd64 libfido2-1 amd64 1.10.0-1 [82.8 kB]
#5 55.88 Get:5 http://archive.ubuntu.com/ubuntu jammy-updates/main amd64 libnghttp2-14 amd64 1.43.0-1ubuntu0.2 [76.9 kB]
#5 55.99 Get:6 http://archive.ubuntu.com/ubuntu jammy/main amd64 libxext6 amd64 2:1.3.4-1build1 [31.8 kB]
#5 56.03 Get:7 http://archive.ubuntu.com/ubuntu jammy/main amd64 libxmuu1 amd64 2:1.1.3-3 [10.2 kB]
#5 56.04 Get:8 http://archive.ubuntu.com/ubuntu jammy-updates/main amd64 openssh-client amd64 1:8.9p1-3ubuntu0.10 [906 kB]
#5 57.38 Get:9 http://archive.ubuntu.com/ubuntu jammy/main amd64 xauth amd64 1:1.1-1build2 [27.5 kB]
#5 57.40 Get:10 http://archive.ubuntu.com/ubuntu jammy/main amd64 librtmp1 amd64 2.4+20151223.gitfa8646d.1-2build4 [58.2 kB]
#5 57.46 Get:11 http://archive.ubuntu.com/ubuntu jammy-updates/main amd64 libssh-4 amd64 0.9.6-2ubuntu0.22.04.3 [186 kB]
#5 57.59 Get:12 http://archive.ubuntu.com/ubuntu jammy-updates/main amd64 libcurl3-gnutls amd64 7.81.0-1ubuntu1.16 [284 kB]
#5 57.79 Get:13 http://archive.ubuntu.com/ubuntu jammy/main amd64 liberror-perl all 0.17029-1 [26.5 kB]
#5 57.81 Get:14 http://archive.ubuntu.com/ubuntu jammy-updates/main amd64 git-man all 1:2.34.1-1ubuntu1.11 [955 kB]
#5 58.35 Get:15 http://archive.ubuntu.com/ubuntu jammy-updates/main amd64 git amd64 1:2.34.1-1ubuntu1.11 [3165 kB]
#5 60.45 debconf: delaying package configuration, since apt-utils is not installed
#5 60.47 Fetched 6073 kB in 7s (911 kB/s)
#5 60.50 Selecting previously unselected package less.
#5 60.50 (Reading database ... (Reading database ... 5%(Reading database ... 10%(Reading database ... 15%(Reading database ... 20%(Reading database ... 25%(Reading database ... 30%(Reading database ... 35%(Reading database ... 40%(Reading database ... 45%(Reading database ... 50%(Reading database ... 55%(Reading database ... 60%(Reading database ... 65%(Reading database ... 70%(Reading database ... 75%(Reading database ... 80%(Reading database ... 85%(Reading database ... 90%(Reading database ... 95%(Reading database ... 100%(Reading database ... 13961 files and directories currently installed.)
#5 60.51 Preparing to unpack .../00-less_590-1ubuntu0.22.04.3_amd64.deb ...
#5 60.52 Unpacking less (590-1ubuntu0.22.04.3) ...
#5 60.57 Selecting previously unselected package libcbor0.8:amd64.
#5 60.57 Preparing to unpack .../01-libcbor0.8_0.8.0-2ubuntu1_amd64.deb ...
#5 60.59 Unpacking libcbor0.8:amd64 (0.8.0-2ubuntu1) ...
#5 60.64 Selecting previously unselected package libedit2:amd64.
#5 60.64 Preparing to unpack .../02-libedit2_3.1-20210910-1build1_amd64.deb ...
#5 60.65 Unpacking libedit2:amd64 (3.1-20210910-1build1) ...
#5 60.70 Selecting previously unselected package libfido2-1:amd64.
#5 60.70 Preparing to unpack .../03-libfido2-1_1.10.0-1_amd64.deb ...
#5 60.71 Unpacking libfido2-1:amd64 (1.10.0-1) ...
#5 60.77 Selecting previously unselected package libnghttp2-14:amd64.
#5 60.77 Preparing to unpack .../04-libnghttp2-14_1.43.0-1ubuntu0.2_amd64.deb ...
#5 60.78 Unpacking libnghttp2-14:amd64 (1.43.0-1ubuntu0.2) ...
#5 60.83 Selecting previously unselected package libxext6:amd64.
#5 60.83 Preparing to unpack .../05-libxext6_2%3a1.3.4-1build1_amd64.deb ...
#5 60.84 Unpacking libxext6:amd64 (2:1.3.4-1build1) ...
#5 60.89 Selecting previously unselected package libxmuu1:amd64.
#5 60.89 Preparing to unpack .../06-libxmuu1_2%3a1.1.3-3_amd64.deb ...
#5 60.90 Unpacking libxmuu1:amd64 (2:1.1.3-3) ...
#5 60.96 Selecting previously unselected package openssh-client.
#5 60.97 Preparing to unpack .../07-openssh-client_1%3a8.9p1-3ubuntu0.10_amd64.deb ...
#5 60.98 Unpacking openssh-client (1:8.9p1-3ubuntu0.10) ...
#5 61.03 Selecting previously unselected package xauth.
#5 61.03 Preparing to unpack .../08-xauth_1%3a1.1-1build2_amd64.deb ...
#5 61.04 Unpacking xauth (1:1.1-1build2) ...
#5 61.10 Selecting previously unselected package librtmp1:amd64.
#5 61.10 Preparing to unpack .../09-librtmp1_2.4+20151223.gitfa8646d.1-2build4_amd64.deb ...
#5 61.11 Unpacking librtmp1:amd64 (2.4+20151223.gitfa8646d.1-2build4) ...
#5 61.16 Selecting previously unselected package libssh-4:amd64.
#5 61.16 Preparing to unpack .../10-libssh-4_0.9.6-2ubuntu0.22.04.3_amd64.deb ...
#5 61.17 Unpacking libssh-4:amd64 (0.9.6-2ubuntu0.22.04.3) ...
#5 61.23 Selecting previously unselected package libcurl3-gnutls:amd64.
#5 61.23 Preparing to unpack .../11-libcurl3-gnutls_7.81.0-1ubuntu1.16_amd64.deb ...
#5 61.24 Unpacking libcurl3-gnutls:amd64 (7.81.0-1ubuntu1.16) ...
#5 61.29 Selecting previously unselected package liberror-perl.
#5 61.29 Preparing to unpack .../12-liberror-perl_0.17029-1_all.deb ...
#5 61.30 Unpacking liberror-perl (0.17029-1) ...
#5 61.34 Selecting previously unselected package git-man.
#5 61.34 Preparing to unpack .../13-git-man_1%3a2.34.1-1ubuntu1.11_all.deb ...
#5 61.35 Unpacking git-man (1:2.34.1-1ubuntu1.11) ...
#5 61.41 Selecting previously unselected package git.
#5 61.42 Preparing to unpack .../14-git_1%3a2.34.1-1ubuntu1.11_amd64.deb ...
#5 61.43 Unpacking git (1:2.34.1-1ubuntu1.11) ...
#5 61.55 Setting up libcbor0.8:amd64 (0.8.0-2ubuntu1) ...
#5 61.57 Setting up libedit2:amd64 (3.1-20210910-1build1) ...
#5 61.59 Setting up libnghttp2-14:amd64 (1.43.0-1ubuntu0.2) ...
#5 61.61 Setting up less (590-1ubuntu0.22.04.3) ...
#5 61.64 Setting up libxext6:amd64 (2:1.3.4-1build1) ...
#5 61.67 Setting up liberror-perl (0.17029-1) ...
#5 61.69 Setting up librtmp1:amd64 (2.4+20151223.gitfa8646d.1-2build4) ...
#5 61.71 Setting up libssh-4:amd64 (0.9.6-2ubuntu0.22.04.3) ...
#5 61.74 Setting up git-man (1:2.34.1-1ubuntu1.11) ...
#5 61.76 Setting up libfido2-1:amd64 (1.10.0-1) ...
#5 61.78 Setting up libxmuu1:amd64 (2:1.1.3-3) ...
#5 61.81 Setting up openssh-client (1:8.9p1-3ubuntu0.10) ...
#5 61.88 update-alternatives: using /usr/bin/ssh to provide /usr/bin/rsh (rsh) in auto mode
#5 61.88 update-alternatives: warning: skip creation of /usr/share/man/man1/rsh.1.gz because associated file /usr/share/man/man1/ssh.1.gz (of link group rsh) doesn't exist
#5 61.89 update-alternatives: using /usr/bin/slogin to provide /usr/bin/rlogin (rlogin) in auto mode
#5 61.89 update-alternatives: warning: skip creation of /usr/share/man/man1/rlogin.1.gz because associated file /usr/share/man/man1/slogin.1.gz (of link group rlogin) doesn't exist
#5 61.89 update-alternatives: using /usr/bin/scp to provide /usr/bin/rcp (rcp) in auto mode
#5 61.89 update-alternatives: warning: skip creation of /usr/share/man/man1/rcp.1.gz because associated file /usr/share/man/man1/scp.1.gz (of link group rcp) doesn't exist
#5 61.91 Setting up libcurl3-gnutls:amd64 (7.81.0-1ubuntu1.16) ...
#5 61.93 Setting up git (1:2.34.1-1ubuntu1.11) ...
#5 61.97 Setting up xauth (1:1.1-1build2) ...
#5 61.99 Processing triggers for libc-bin (2.35-0ubuntu3.8) ...
#5 DONE 62.3s

#6 [3/9] RUN wget --quiet https://repo.anaconda.com/miniconda/Miniconda3-latest-Linux-x86_64.sh -O ~/miniconda.sh &&     /bin/bash ~/miniconda.sh -b -p /opt/conda
#6 1.880 PREFIX=/opt/conda
#6 2.187 Unpacking payload ...
#6 4.895 
#6 4.895 Installing base environment...
#6 4.895 
#6 5.506 Preparing transaction: ...working... done
#6 5.739 Executing transaction: ...working... done
#6 7.986 installation finished.
#6 DONE 8.3s

#7 [4/9] RUN conda create -y -c bioconda -c conda-forge -n binchicken     python=3.10.*     pip     pigz     parallel     sourmash     sourmash_plugin_branchwater
#7 0.713 Channels:
#7 0.713  - bioconda
#7 0.713  - conda-forge
#7 0.713  - defaults
#7 0.713 Platform: linux-64
#7 0.713 Collecting package metadata (repodata.json): ...working... done
#7 16.73 Solving environment: ...working... done
#7 22.02 
#7 22.02 ## Package Plan ##
#7 22.02 
#7 22.02   environment location: /opt/conda/envs/binchicken
#7 22.02 
#7 22.02   added / updated specs:
#7 22.02     - parallel
#7 22.02     - pigz
#7 22.02     - pip
#7 22.02     - python=3.10
#7 22.02     - sourmash
#7 22.02     - sourmash_plugin_branchwater
#7 22.02 
#7 22.02 
#7 22.02 The following packages will be downloaded:
#7 22.02 
#7 22.02     package                    |            build
#7 22.02     ---------------------------|-----------------
#7 22.02     _libgcc_mutex-0.1          |      conda_forge           3 KB  conda-forge
#7 22.02     _openmp_mutex-4.5          |            2_gnu          23 KB  conda-forge
#7 22.02     bitstring-3.1.9            |     pyhd8ed1ab_0          34 KB  conda-forge
#7 22.02     brotli-1.1.0               |       hd590300_1          19 KB  conda-forge
#7 22.02     brotli-bin-1.1.0           |       hd590300_1          19 KB  conda-forge
#7 22.02     bzip2-1.0.8                |       h4bc722e_7         247 KB  conda-forge
#7 22.02     ca-certificates-2024.7.4   |       hbcca054_0         151 KB  conda-forge
#7 22.02     cachetools-4.2.4           |     pyhd8ed1ab_0          12 KB  conda-forge
#7 22.02     certifi-2024.7.4           |     pyhd8ed1ab_0         156 KB  conda-forge
#7 22.02     cffi-1.16.0                |  py310h2fee648_0         236 KB  conda-forge
#7 22.02     contourpy-1.2.1            |  py310hd41b1e2_0         236 KB  conda-forge
#7 22.02     cycler-0.12.1              |     pyhd8ed1ab_0          13 KB  conda-forge
#7 22.02     deprecation-2.1.0          |     pyh9f0ad1d_0          14 KB  conda-forge
#7 22.02     fonttools-4.53.1           |  py310h5b4e0ec_0         2.3 MB  conda-forge
#7 22.02     freetype-2.12.1            |       h267a509_2         620 KB  conda-forge
#7 22.02     kiwisolver-1.4.5           |  py310hd41b1e2_1          71 KB  conda-forge
#7 22.02     lcms2-2.16                 |       hb7c19ff_0         239 KB  conda-forge
#7 22.02     ld_impl_linux-64-2.40      |       hf3520f5_7         691 KB  conda-forge
#7 22.02     lerc-4.0.0                 |       h27087fc_0         275 KB  conda-forge
#7 22.02     libblas-3.9.0              |23_linux64_openblas          15 KB  conda-forge
#7 22.02     libbrotlicommon-1.1.0      |       hd590300_1          68 KB  conda-forge
#7 22.02     libbrotlidec-1.1.0         |       hd590300_1          32 KB  conda-forge
#7 22.02     libbrotlienc-1.1.0         |       hd590300_1         276 KB  conda-forge
#7 22.02     libcblas-3.9.0             |23_linux64_openblas          14 KB  conda-forge
#7 22.02     libdeflate-1.20            |       hd590300_0          70 KB  conda-forge
#7 22.02     libffi-3.4.2               |       h7f98852_5          57 KB  conda-forge
#7 22.02     libgcc-ng-14.1.0           |       h77fa898_0         822 KB  conda-forge
#7 22.02     libgfortran-ng-14.1.0      |       h69a702a_0          49 KB  conda-forge
#7 22.02     libgfortran5-14.1.0        |       hc5f4f2c_0         1.4 MB  conda-forge
#7 22.02     libgomp-14.1.0             |       h77fa898_0         446 KB  conda-forge
#7 22.02     libjpeg-turbo-3.0.0        |       hd590300_1         604 KB  conda-forge
#7 22.02     liblapack-3.9.0            |23_linux64_openblas          14 KB  conda-forge
#7 22.02     libnsl-2.0.1               |       hd590300_0          33 KB  conda-forge
#7 22.02     libopenblas-0.3.27         |pthreads_hac2b453_1         5.3 MB  conda-forge
#7 22.02     libpng-1.6.43              |       h2797004_0         281 KB  conda-forge
#7 22.02     libsqlite-3.46.0           |       hde9e2c9_0         845 KB  conda-forge
#7 22.02     libstdcxx-ng-14.1.0        |       hc0a3c3a_0         3.7 MB  conda-forge
#7 22.02     libtiff-4.6.0              |       h1dd3fc0_3         276 KB  conda-forge
#7 22.02     libuuid-2.38.1             |       h0b41bf4_0          33 KB  conda-forge
#7 22.02     libwebp-base-1.4.0         |       hd590300_0         429 KB  conda-forge
#7 22.02     libxcb-1.16                |       hd590300_0         386 KB  conda-forge
#7 22.02     libxcrypt-4.4.36           |       hd590300_1          98 KB  conda-forge
#7 22.02     libzlib-1.3.1              |       h4ab18f5_1          60 KB  conda-forge
#7 22.02     matplotlib-base-3.9.1      |  py310h0b1de36_0         6.7 MB  conda-forge
#7 22.02     munkres-1.0.7              |             py_1          10 KB  bioconda
#7 22.02     ncurses-6.5                |       h59595ed_0         867 KB  conda-forge
#7 22.02     numpy-2.0.1                |  py310hf9f9071_0         7.5 MB  conda-forge
#7 22.02     openjpeg-2.5.2             |       h488ebb8_0         334 KB  conda-forge
#7 22.02     openssl-3.3.1              |       h4bc722e_2         2.8 MB  conda-forge
#7 22.02     packaging-24.1             |     pyhd8ed1ab_0          49 KB  conda-forge
#7 22.02     parallel-20170422          |       pl5.22.0_0         1.2 MB  bioconda
#7 22.02     perl-5.22.0.1              |                0        15.1 MB  conda-forge
#7 22.02     pigz-2.8                   |       h2797004_0          71 KB  conda-forge
#7 22.02     pillow-10.4.0              |  py310hebfe307_0        40.6 MB  conda-forge
#7 22.02     pip-24.0                   |     pyhd8ed1ab_0         1.3 MB  conda-forge
#7 22.02     pthread-stubs-0.4          |    h36c2ea0_1001           5 KB  conda-forge
#7 22.02     pycparser-2.22             |     pyhd8ed1ab_0         103 KB  conda-forge
#7 22.02     pyparsing-3.1.2            |     pyhd8ed1ab_0          87 KB  conda-forge
#7 22.02     python-3.10.14             |hd12c33a_0_cpython        24.3 MB  conda-forge
#7 22.02     python-dateutil-2.9.0      |     pyhd8ed1ab_0         218 KB  conda-forge
#7 22.02     python_abi-3.10            |          4_cp310           6 KB  conda-forge
#7 22.02     qhull-2020.2               |       h434a139_5         540 KB  conda-forge
#7 22.02     readline-8.2               |       h8228510_1         275 KB  conda-forge
#7 22.02     scipy-1.14.0               |  py310h93e2701_1        16.0 MB  conda-forge
#7 22.02     screed-1.1.3               |     pyhd8ed1ab_0          86 KB  conda-forge
#7 22.02     setuptools-71.0.4          |     pyhd8ed1ab_0         1.4 MB  conda-forge
#7 22.02     six-1.16.0                 |     pyh6c4a22f_0          14 KB  conda-forge
#7 22.02     sourmash-4.8.10            |       hdfd78af_0           8 KB  bioconda
#7 22.02     sourmash-minimal-4.8.10    |  py310h0c3ebd1_0        15.4 MB  conda-forge
#7 22.02     sourmash_plugin_branchwater-0.9.5|  py310h0c3ebd1_0         3.1 MB  conda-forge
#7 22.02     tk-8.6.13                  |noxft_h4845f30_101         3.2 MB  conda-forge
#7 22.02     tzdata-2024a               |       h0c530f3_0         117 KB  conda-forge
#7 22.02     unicodedata2-15.1.0        |  py310h2372a71_0         365 KB  conda-forge
#7 22.02     wheel-0.43.0               |     pyhd8ed1ab_1          57 KB  conda-forge
#7 22.02     xorg-libxau-1.0.11         |       hd590300_0          14 KB  conda-forge
#7 22.02     xorg-libxdmcp-1.1.3        |       h7f98852_0          19 KB  conda-forge
#7 22.02     xz-5.2.6                   |       h166bdaf_0         409 KB  conda-forge
#7 22.02     zstd-1.5.6                 |       ha6fb4c9_0         542 KB  conda-forge
#7 22.02     ------------------------------------------------------------
#7 22.02                                            Total:       163.0 MB
#7 22.02 
#7 22.02 The following NEW packages will be INSTALLED:
#7 22.02 
#7 22.02   _libgcc_mutex      conda-forge/linux-64::_libgcc_mutex-0.1-conda_forge 
#7 22.02   _openmp_mutex      conda-forge/linux-64::_openmp_mutex-4.5-2_gnu 
#7 22.02   bitstring          conda-forge/noarch::bitstring-3.1.9-pyhd8ed1ab_0 
#7 22.02   brotli             conda-forge/linux-64::brotli-1.1.0-hd590300_1 
#7 22.02   brotli-bin         conda-forge/linux-64::brotli-bin-1.1.0-hd590300_1 
#7 22.02   bzip2              conda-forge/linux-64::bzip2-1.0.8-h4bc722e_7 
#7 22.02   ca-certificates    conda-forge/linux-64::ca-certificates-2024.7.4-hbcca054_0 
#7 22.02   cachetools         conda-forge/noarch::cachetools-4.2.4-pyhd8ed1ab_0 
#7 22.02   certifi            conda-forge/noarch::certifi-2024.7.4-pyhd8ed1ab_0 
#7 22.02   cffi               conda-forge/linux-64::cffi-1.16.0-py310h2fee648_0 
#7 22.02   contourpy          conda-forge/linux-64::contourpy-1.2.1-py310hd41b1e2_0 
#7 22.02   cycler             conda-forge/noarch::cycler-0.12.1-pyhd8ed1ab_0 
#7 22.02   deprecation        conda-forge/noarch::deprecation-2.1.0-pyh9f0ad1d_0 
#7 22.02   fonttools          conda-forge/linux-64::fonttools-4.53.1-py310h5b4e0ec_0 
#7 22.02   freetype           conda-forge/linux-64::freetype-2.12.1-h267a509_2 
#7 22.02   kiwisolver         conda-forge/linux-64::kiwisolver-1.4.5-py310hd41b1e2_1 
#7 22.02   lcms2              conda-forge/linux-64::lcms2-2.16-hb7c19ff_0 
#7 22.02   ld_impl_linux-64   conda-forge/linux-64::ld_impl_linux-64-2.40-hf3520f5_7 
#7 22.02   lerc               conda-forge/linux-64::lerc-4.0.0-h27087fc_0 
#7 22.02   libblas            conda-forge/linux-64::libblas-3.9.0-23_linux64_openblas 
#7 22.02   libbrotlicommon    conda-forge/linux-64::libbrotlicommon-1.1.0-hd590300_1 
#7 22.02   libbrotlidec       conda-forge/linux-64::libbrotlidec-1.1.0-hd590300_1 
#7 22.02   libbrotlienc       conda-forge/linux-64::libbrotlienc-1.1.0-hd590300_1 
#7 22.02   libcblas           conda-forge/linux-64::libcblas-3.9.0-23_linux64_openblas 
#7 22.02   libdeflate         conda-forge/linux-64::libdeflate-1.20-hd590300_0 
#7 22.02   libffi             conda-forge/linux-64::libffi-3.4.2-h7f98852_5 
#7 22.02   libgcc-ng          conda-forge/linux-64::libgcc-ng-14.1.0-h77fa898_0 
#7 22.02   libgfortran-ng     conda-forge/linux-64::libgfortran-ng-14.1.0-h69a702a_0 
#7 22.02   libgfortran5       conda-forge/linux-64::libgfortran5-14.1.0-hc5f4f2c_0 
#7 22.02   libgomp            conda-forge/linux-64::libgomp-14.1.0-h77fa898_0 
#7 22.02   libjpeg-turbo      conda-forge/linux-64::libjpeg-turbo-3.0.0-hd590300_1 
#7 22.02   liblapack          conda-forge/linux-64::liblapack-3.9.0-23_linux64_openblas 
#7 22.02   libnsl             conda-forge/linux-64::libnsl-2.0.1-hd590300_0 
#7 22.02   libopenblas        conda-forge/linux-64::libopenblas-0.3.27-pthreads_hac2b453_1 
#7 22.02   libpng             conda-forge/linux-64::libpng-1.6.43-h2797004_0 
#7 22.02   libsqlite          conda-forge/linux-64::libsqlite-3.46.0-hde9e2c9_0 
#7 22.02   libstdcxx-ng       conda-forge/linux-64::libstdcxx-ng-14.1.0-hc0a3c3a_0 
#7 22.02   libtiff            conda-forge/linux-64::libtiff-4.6.0-h1dd3fc0_3 
#7 22.02   libuuid            conda-forge/linux-64::libuuid-2.38.1-h0b41bf4_0 
#7 22.02   libwebp-base       conda-forge/linux-64::libwebp-base-1.4.0-hd590300_0 
#7 22.02   libxcb             conda-forge/linux-64::libxcb-1.16-hd590300_0 
#7 22.02   libxcrypt          conda-forge/linux-64::libxcrypt-4.4.36-hd590300_1 
#7 22.02   libzlib            conda-forge/linux-64::libzlib-1.3.1-h4ab18f5_1 
#7 22.02   matplotlib-base    conda-forge/linux-64::matplotlib-base-3.9.1-py310h0b1de36_0 
#7 22.02   munkres            bioconda/noarch::munkres-1.0.7-py_1 
#7 22.02   ncurses            conda-forge/linux-64::ncurses-6.5-h59595ed_0 
#7 22.02   numpy              conda-forge/linux-64::numpy-2.0.1-py310hf9f9071_0 
#7 22.02   openjpeg           conda-forge/linux-64::openjpeg-2.5.2-h488ebb8_0 
#7 22.02   openssl            conda-forge/linux-64::openssl-3.3.1-h4bc722e_2 
#7 22.02   packaging          conda-forge/noarch::packaging-24.1-pyhd8ed1ab_0 
#7 22.02   parallel           bioconda/linux-64::parallel-20170422-pl5.22.0_0 
#7 22.02   perl               conda-forge/linux-64::perl-5.22.0.1-0 
#7 22.02   pigz               conda-forge/linux-64::pigz-2.8-h2797004_0 
#7 22.02   pillow             conda-forge/linux-64::pillow-10.4.0-py310hebfe307_0 
#7 22.02   pip                conda-forge/noarch::pip-24.0-pyhd8ed1ab_0 
#7 22.02   pthread-stubs      conda-forge/linux-64::pthread-stubs-0.4-h36c2ea0_1001 
#7 22.02   pycparser          conda-forge/noarch::pycparser-2.22-pyhd8ed1ab_0 
#7 22.02   pyparsing          conda-forge/noarch::pyparsing-3.1.2-pyhd8ed1ab_0 
#7 22.02   python             conda-forge/linux-64::python-3.10.14-hd12c33a_0_cpython 
#7 22.02   python-dateutil    conda-forge/noarch::python-dateutil-2.9.0-pyhd8ed1ab_0 
#7 22.02   python_abi         conda-forge/linux-64::python_abi-3.10-4_cp310 
#7 22.02   qhull              conda-forge/linux-64::qhull-2020.2-h434a139_5 
#7 22.02   readline           conda-forge/linux-64::readline-8.2-h8228510_1 
#7 22.02   scipy              conda-forge/linux-64::scipy-1.14.0-py310h93e2701_1 
#7 22.02   screed             conda-forge/noarch::screed-1.1.3-pyhd8ed1ab_0 
#7 22.02   setuptools         conda-forge/noarch::setuptools-71.0.4-pyhd8ed1ab_0 
#7 22.02   six                conda-forge/noarch::six-1.16.0-pyh6c4a22f_0 
#7 22.02   sourmash           bioconda/noarch::sourmash-4.8.10-hdfd78af_0 
#7 22.02   sourmash-minimal   conda-forge/linux-64::sourmash-minimal-4.8.10-py310h0c3ebd1_0 
#7 22.02   sourmash_plugin_b~ conda-forge/linux-64::sourmash_plugin_branchwater-0.9.5-py310h0c3ebd1_0 
#7 22.02   tk                 conda-forge/linux-64::tk-8.6.13-noxft_h4845f30_101 
#7 22.02   tzdata             conda-forge/noarch::tzdata-2024a-h0c530f3_0 
#7 22.02   unicodedata2       conda-forge/linux-64::unicodedata2-15.1.0-py310h2372a71_0 
#7 22.02   wheel              conda-forge/noarch::wheel-0.43.0-pyhd8ed1ab_1 
#7 22.02   xorg-libxau        conda-forge/linux-64::xorg-libxau-1.0.11-hd590300_0 
#7 22.02   xorg-libxdmcp      conda-forge/linux-64::xorg-libxdmcp-1.1.3-h7f98852_0 
#7 22.02   xz                 conda-forge/linux-64::xz-5.2.6-h166bdaf_0 
#7 22.02   zstd               conda-forge/linux-64::zstd-1.5.6-ha6fb4c9_0 
#7 22.02 
#7 34.45 
#7 34.45 
#7 34.45 Downloading and Extracting Packages: ...working... done
#7 34.45 Preparing transaction: ...working... done
#7 34.76 Verifying transaction: ...working... done
#7 36.18 Executing transaction: ...working... done
#7 39.10 #
#7 39.10 # To activate this environment, use
#7 39.10 #
#7 39.10 #     $ conda activate binchicken
#7 39.10 #
#7 39.10 # To deactivate an active environment, use
#7 39.10 #
#7 39.10 #     $ conda deactivate
#7 39.10 
#7 DONE 43.3s

#8 [5/9] RUN conda run -n binchicken     pip install binchicken==0.12.1
#8 34.34 Collecting binchicken==0.12.1
#8 34.34   Downloading binchicken-0.12.1-py3-none-any.whl.metadata (42 kB)
#8 34.34       42.1/42.1 kB 3.1 MB/s eta 0:00:00
#8 34.34 Collecting snakemake>=6.0.5 (from binchicken==0.12.1)
#8 34.34   Downloading snakemake-7.32.4.tar.gz (371 kB)
#8 34.34       371.2/371.2 kB 14.9 MB/s eta 0:00:00
#8 34.34   Installing build dependencies: started
#8 34.34   Installing build dependencies: finished with status 'done'
#8 34.34   Getting requirements to build wheel: started
#8 34.34   Getting requirements to build wheel: finished with status 'done'
#8 34.34   Preparing metadata (pyproject.toml): started
#8 34.34   Preparing metadata (pyproject.toml): finished with status 'done'
#8 34.34 Collecting mamba (from binchicken==0.12.1)
#8 34.34   Downloading mamba-0.11.3.tar.gz (14 kB)
#8 34.34   Preparing metadata (setup.py): started
#8 34.34   Preparing metadata (setup.py): finished with status 'done'
#8 34.34 Collecting networkx (from binchicken==0.12.1)
#8 34.34   Downloading networkx-3.3-py3-none-any.whl.metadata (5.1 kB)
#8 34.34 Collecting bird-tool-utils (from binchicken==0.12.1)
#8 34.34   Downloading bird_tool_utils-0.4.1-py3-none-any.whl.metadata (1.6 kB)
#8 34.34 Collecting extern (from binchicken==0.12.1)
#8 34.34   Downloading extern-0.4.1.tar.gz (6.3 kB)
#8 34.34   Preparing metadata (setup.py): started
#8 34.34   Preparing metadata (setup.py): finished with status 'done'
#8 34.34 Collecting ruamel.yaml>=0.15.99 (from binchicken==0.12.1)
#8 34.34   Downloading ruamel.yaml-0.18.6-py3-none-any.whl.metadata (23 kB)
#8 34.34 Collecting polars (from binchicken==0.12.1)
#8 34.34   Downloading polars-1.3.0-cp38-abi3-manylinux_2_17_x86_64.manylinux2014_x86_64.whl.metadata (14 kB)
#8 34.34 Collecting pyarrow (from binchicken==0.12.1)
#8 34.34   Downloading pyarrow-17.0.0-cp310-cp310-manylinux_2_28_x86_64.whl.metadata (3.3 kB)
#8 34.34 Collecting ruamel.yaml.clib>=0.2.7 (from ruamel.yaml>=0.15.99->binchicken==0.12.1)
#8 34.34   Downloading ruamel.yaml.clib-0.2.8-cp310-cp310-manylinux_2_17_x86_64.manylinux2014_x86_64.manylinux_2_24_x86_64.whl.metadata (2.2 kB)
#8 34.34 Collecting appdirs (from snakemake>=6.0.5->binchicken==0.12.1)
#8 34.34   Downloading appdirs-1.4.4-py2.py3-none-any.whl.metadata (9.0 kB)
#8 34.34 Collecting configargparse (from snakemake>=6.0.5->binchicken==0.12.1)
#8 34.34   Downloading ConfigArgParse-1.7-py3-none-any.whl.metadata (23 kB)
#8 34.34 Collecting connection-pool>=0.0.3 (from snakemake>=6.0.5->binchicken==0.12.1)
#8 34.34   Downloading connection_pool-0.0.3.tar.gz (3.8 kB)
#8 34.34   Preparing metadata (setup.py): started
#8 34.34   Preparing metadata (setup.py): finished with status 'done'
#8 34.34 Collecting datrie (from snakemake>=6.0.5->binchicken==0.12.1)
#8 34.34   Downloading datrie-0.8.2.tar.gz (63 kB)
#8 34.34       63.3/63.3 kB 4.9 MB/s eta 0:00:00
#8 34.34   Installing build dependencies: started
#8 34.34   Installing build dependencies: finished with status 'done'
#8 34.34   Getting requirements to build wheel: started
#8 34.34   Getting requirements to build wheel: finished with status 'done'
#8 34.34   Installing backend dependencies: started
#8 34.34   Installing backend dependencies: finished with status 'done'
#8 34.34   Preparing metadata (pyproject.toml): started
#8 34.34   Preparing metadata (pyproject.toml): finished with status 'done'
#8 34.34 Collecting docutils (from snakemake>=6.0.5->binchicken==0.12.1)
#8 34.34   Downloading docutils-0.21.2-py3-none-any.whl.metadata (2.8 kB)
#8 34.34 Collecting gitpython (from snakemake>=6.0.5->binchicken==0.12.1)
#8 34.34   Downloading GitPython-3.1.43-py3-none-any.whl.metadata (13 kB)
#8 34.34 Collecting humanfriendly (from snakemake>=6.0.5->binchicken==0.12.1)
#8 34.34   Downloading humanfriendly-10.0-py2.py3-none-any.whl.metadata (9.2 kB)
#8 34.34 Collecting jinja2<4.0,>=3.0 (from snakemake>=6.0.5->binchicken==0.12.1)
#8 34.34   Downloading jinja2-3.1.4-py3-none-any.whl.metadata (2.6 kB)
#8 34.34 Collecting jsonschema (from snakemake>=6.0.5->binchicken==0.12.1)
#8 34.34   Downloading jsonschema-4.23.0-py3-none-any.whl.metadata (7.9 kB)
#8 34.34 Collecting nbformat (from snakemake>=6.0.5->binchicken==0.12.1)
#8 34.34   Downloading nbformat-5.10.4-py3-none-any.whl.metadata (3.6 kB)
#8 34.34 Requirement already satisfied: packaging in /opt/conda/envs/binchicken/lib/python3.10/site-packages (from snakemake>=6.0.5->binchicken==0.12.1) (24.1)
#8 34.34 Collecting psutil (from snakemake>=6.0.5->binchicken==0.12.1)
#8 34.34   Downloading psutil-6.0.0-cp36-abi3-manylinux_2_12_x86_64.manylinux2010_x86_64.manylinux_2_17_x86_64.manylinux2014_x86_64.whl.metadata (21 kB)
#8 34.34 Collecting pulp>=2.0 (from snakemake>=6.0.5->binchicken==0.12.1)
#8 34.34   Downloading PuLP-2.9.0-py3-none-any.whl.metadata (5.4 kB)
#8 34.34 Collecting pyyaml (from snakemake>=6.0.5->binchicken==0.12.1)
#8 34.34   Downloading PyYAML-6.0.1-cp310-cp310-manylinux_2_17_x86_64.manylinux2014_x86_64.whl.metadata (2.1 kB)
#8 34.34 Collecting requests (from snakemake>=6.0.5->binchicken==0.12.1)
#8 34.34   Downloading requests-2.32.3-py3-none-any.whl.metadata (4.6 kB)
#8 34.34 Collecting reretry (from snakemake>=6.0.5->binchicken==0.12.1)
#8 34.34   Downloading reretry-0.11.8-py2.py3-none-any.whl.metadata (5.5 kB)
#8 34.34 Collecting smart-open>=3.0 (from snakemake>=6.0.5->binchicken==0.12.1)
#8 34.34   Downloading smart_open-7.0.4-py3-none-any.whl.metadata (23 kB)
#8 34.34 Collecting stopit (from snakemake>=6.0.5->binchicken==0.12.1)
#8 34.34   Downloading stopit-1.1.2.tar.gz (18 kB)
#8 34.34   Preparing metadata (setup.py): started
#8 34.34   Preparing metadata (setup.py): finished with status 'done'
#8 34.34 Collecting tabulate (from snakemake>=6.0.5->binchicken==0.12.1)
#8 34.34   Downloading tabulate-0.9.0-py3-none-any.whl.metadata (34 kB)
#8 34.34 Collecting throttler (from snakemake>=6.0.5->binchicken==0.12.1)
#8 34.34   Downloading throttler-1.2.2-py3-none-any.whl.metadata (7.4 kB)
#8 34.34 Collecting toposort>=1.10 (from snakemake>=6.0.5->binchicken==0.12.1)
#8 34.34   Downloading toposort-1.10-py3-none-any.whl.metadata (4.1 kB)
#8 34.34 Collecting wrapt (from snakemake>=6.0.5->binchicken==0.12.1)
#8 34.34   Downloading wrapt-1.16.0-cp310-cp310-manylinux_2_5_x86_64.manylinux1_x86_64.manylinux_2_17_x86_64.manylinux2014_x86_64.whl.metadata (6.6 kB)
#8 34.34 Collecting yte<2.0,>=1.5.1 (from snakemake>=6.0.5->binchicken==0.12.1)
#8 34.34   Downloading yte-1.5.4-py3-none-any.whl.metadata (3.4 kB)
#8 34.34 Collecting argparse-manpage-birdtools>=1.7.0 (from bird-tool-utils->binchicken==0.12.1)
#8 34.34   Downloading argparse_manpage_birdtools-1.7.0-py3-none-any.whl.metadata (1.2 kB)
#8 34.34 Collecting clint (from mamba->binchicken==0.12.1)
#8 34.34   Downloading clint-0.5.1.tar.gz (29 kB)
#8 34.34   Preparing metadata (setup.py): started
#8 34.34   Preparing metadata (setup.py): finished with status 'done'
#8 34.34 Collecting coverage (from mamba->binchicken==0.12.1)
#8 34.34   Downloading coverage-7.6.0-cp310-cp310-manylinux_2_5_x86_64.manylinux1_x86_64.manylinux_2_17_x86_64.manylinux2014_x86_64.whl.metadata (8.2 kB)
#8 34.34 Requirement already satisfied: numpy>=1.16.6 in /opt/conda/envs/binchicken/lib/python3.10/site-packages (from pyarrow->binchicken==0.12.1) (2.0.1)
#8 34.34 Collecting MarkupSafe>=2.0 (from jinja2<4.0,>=3.0->snakemake>=6.0.5->binchicken==0.12.1)
#8 34.34   Downloading MarkupSafe-2.1.5-cp310-cp310-manylinux_2_17_x86_64.manylinux2014_x86_64.whl.metadata (3.0 kB)
#8 34.34 Collecting dpath<3.0,>=2.1 (from yte<2.0,>=1.5.1->snakemake>=6.0.5->binchicken==0.12.1)
#8 34.34   Downloading dpath-2.2.0-py3-none-any.whl.metadata (15 kB)
#8 34.34 Collecting plac<2.0.0,>=1.3.4 (from yte<2.0,>=1.5.1->snakemake>=6.0.5->binchicken==0.12.1)
#8 34.34   Downloading plac-1.4.3-py2.py3-none-any.whl.metadata (5.9 kB)
#8 34.34 Collecting args (from clint->mamba->binchicken==0.12.1)
#8 34.34   Downloading args-0.1.0.tar.gz (3.0 kB)
#8 34.34   Preparing metadata (setup.py): started
#8 34.34   Preparing metadata (setup.py): finished with status 'done'
#8 34.34 Collecting gitdb<5,>=4.0.1 (from gitpython->snakemake>=6.0.5->binchicken==0.12.1)
#8 34.34   Downloading gitdb-4.0.11-py3-none-any.whl.metadata (1.2 kB)
#8 34.34 Collecting attrs>=22.2.0 (from jsonschema->snakemake>=6.0.5->binchicken==0.12.1)
#8 34.34   Downloading attrs-23.2.0-py3-none-any.whl.metadata (9.5 kB)
#8 34.34 Collecting jsonschema-specifications>=2023.03.6 (from jsonschema->snakemake>=6.0.5->binchicken==0.12.1)
#8 34.34   Downloading jsonschema_specifications-2023.12.1-py3-none-any.whl.metadata (3.0 kB)
#8 34.34 Collecting referencing>=0.28.4 (from jsonschema->snakemake>=6.0.5->binchicken==0.12.1)
#8 34.34   Downloading referencing-0.35.1-py3-none-any.whl.metadata (2.8 kB)
#8 34.34 Collecting rpds-py>=0.7.1 (from jsonschema->snakemake>=6.0.5->binchicken==0.12.1)
#8 34.34   Downloading rpds_py-0.19.1-cp310-cp310-manylinux_2_17_x86_64.manylinux2014_x86_64.whl.metadata (4.2 kB)
#8 34.34 Collecting fastjsonschema>=2.15 (from nbformat->snakemake>=6.0.5->binchicken==0.12.1)
#8 34.34   Downloading fastjsonschema-2.20.0-py3-none-any.whl.metadata (2.1 kB)
#8 34.34 Collecting jupyter-core!=5.0.*,>=4.12 (from nbformat->snakemake>=6.0.5->binchicken==0.12.1)
#8 34.34   Downloading jupyter_core-5.7.2-py3-none-any.whl.metadata (3.4 kB)
#8 34.34 Collecting traitlets>=5.1 (from nbformat->snakemake>=6.0.5->binchicken==0.12.1)
#8 34.34   Downloading traitlets-5.14.3-py3-none-any.whl.metadata (10 kB)
#8 34.34 Collecting charset-normalizer<4,>=2 (from requests->snakemake>=6.0.5->binchicken==0.12.1)
#8 34.34   Downloading charset_normalizer-3.3.2-cp310-cp310-manylinux_2_17_x86_64.manylinux2014_x86_64.whl.metadata (33 kB)
#8 34.34 Collecting idna<4,>=2.5 (from requests->snakemake>=6.0.5->binchicken==0.12.1)
#8 34.34   Downloading idna-3.7-py3-none-any.whl.metadata (9.9 kB)
#8 34.34 Collecting urllib3<3,>=1.21.1 (from requests->snakemake>=6.0.5->binchicken==0.12.1)
#8 34.34   Downloading urllib3-2.2.2-py3-none-any.whl.metadata (6.4 kB)
#8 34.34 Requirement already satisfied: certifi>=2017.4.17 in /opt/conda/envs/binchicken/lib/python3.10/site-packages (from requests->snakemake>=6.0.5->binchicken==0.12.1) (2024.7.4)
#8 34.34 Collecting smmap<6,>=3.0.1 (from gitdb<5,>=4.0.1->gitpython->snakemake>=6.0.5->binchicken==0.12.1)
#8 34.34   Downloading smmap-5.0.1-py3-none-any.whl.metadata (4.3 kB)
#8 34.34 Collecting platformdirs>=2.5 (from jupyter-core!=5.0.*,>=4.12->nbformat->snakemake>=6.0.5->binchicken==0.12.1)
#8 34.34   Downloading platformdirs-4.2.2-py3-none-any.whl.metadata (11 kB)
#8 34.34 Downloading binchicken-0.12.1-py3-none-any.whl (71 kB)
#8 34.34     71.8/71.8 kB 5.8 MB/s eta 0:00:00
#8 34.34 Downloading ruamel.yaml-0.18.6-py3-none-any.whl (117 kB)
#8 34.34     117.8/117.8 kB 9.4 MB/s eta 0:00:00
#8 34.34 Downloading bird_tool_utils-0.4.1-py3-none-any.whl (32 kB)
#8 34.34 Downloading networkx-3.3-py3-none-any.whl (1.7 MB)
#8 34.34     1.7/1.7 MB 57.5 MB/s eta 0:00:00
#8 34.34 Downloading polars-1.3.0-cp38-abi3-manylinux_2_17_x86_64.manylinux2014_x86_64.whl (31.2 MB)
#8 34.34     31.2/31.2 MB 72.4 MB/s eta 0:00:00
#8 34.34 Downloading pyarrow-17.0.0-cp310-cp310-manylinux_2_28_x86_64.whl (39.9 MB)
#8 34.34     39.9/39.9 MB 60.8 MB/s eta 0:00:00
#8 34.34 Downloading argparse_manpage_birdtools-1.7.0-py3-none-any.whl (17 kB)
#8 34.34 Downloading jinja2-3.1.4-py3-none-any.whl (133 kB)
#8 34.34     133.3/133.3 kB 11.5 MB/s eta 0:00:00
#8 34.34 Downloading PuLP-2.9.0-py3-none-any.whl (17.7 MB)
#8 34.34     17.7/17.7 MB 87.9 MB/s eta 0:00:00
#8 34.34 Downloading ruamel.yaml.clib-0.2.8-cp310-cp310-manylinux_2_17_x86_64.manylinux2014_x86_64.manylinux_2_24_x86_64.whl (526 kB)
#8 34.34     526.7/526.7 kB 37.3 MB/s eta 0:00:00
#8 34.34 Downloading smart_open-7.0.4-py3-none-any.whl (61 kB)
#8 34.34     61.2/61.2 kB 5.1 MB/s eta 0:00:00
#8 34.34 Downloading toposort-1.10-py3-none-any.whl (8.5 kB)
#8 34.34 Downloading yte-1.5.4-py3-none-any.whl (7.7 kB)
#8 34.34 Downloading PyYAML-6.0.1-cp310-cp310-manylinux_2_17_x86_64.manylinux2014_x86_64.whl (705 kB)
#8 34.34     705.5/705.5 kB 45.2 MB/s eta 0:00:00
#8 34.34 Downloading appdirs-1.4.4-py2.py3-none-any.whl (9.6 kB)
#8 34.34 Downloading ConfigArgParse-1.7-py3-none-any.whl (25 kB)
#8 34.34 Downloading coverage-7.6.0-cp310-cp310-manylinux_2_5_x86_64.manylinux1_x86_64.manylinux_2_17_x86_64.manylinux2014_x86_64.whl (233 kB)
#8 34.34     233.8/233.8 kB 21.0 MB/s eta 0:00:00
#8 34.34 Downloading docutils-0.21.2-py3-none-any.whl (587 kB)
#8 34.34     587.4/587.4 kB 41.8 MB/s eta 0:00:00
#8 34.34 Downloading GitPython-3.1.43-py3-none-any.whl (207 kB)
#8 34.34     207.3/207.3 kB 18.4 MB/s eta 0:00:00
#8 34.34 Downloading humanfriendly-10.0-py2.py3-none-any.whl (86 kB)
#8 34.34     86.8/86.8 kB 7.8 MB/s eta 0:00:00
#8 34.34 Downloading jsonschema-4.23.0-py3-none-any.whl (88 kB)
#8 34.34     88.5/88.5 kB 7.8 MB/s eta 0:00:00
#8 34.34 Downloading nbformat-5.10.4-py3-none-any.whl (78 kB)
#8 34.34     78.5/78.5 kB 7.4 MB/s eta 0:00:00
#8 34.34 Downloading psutil-6.0.0-cp36-abi3-manylinux_2_12_x86_64.manylinux2010_x86_64.manylinux_2_17_x86_64.manylinux2014_x86_64.whl (290 kB)
#8 34.34     290.5/290.5 kB 23.0 MB/s eta 0:00:00
#8 34.34 Downloading requests-2.32.3-py3-none-any.whl (64 kB)
#8 34.34     64.9/64.9 kB 5.7 MB/s eta 0:00:00
#8 34.34 Downloading reretry-0.11.8-py2.py3-none-any.whl (5.6 kB)
#8 34.34 Downloading tabulate-0.9.0-py3-none-any.whl (35 kB)
#8 34.34 Downloading throttler-1.2.2-py3-none-any.whl (7.6 kB)
#8 34.34 Downloading wrapt-1.16.0-cp310-cp310-manylinux_2_5_x86_64.manylinux1_x86_64.manylinux_2_17_x86_64.manylinux2014_x86_64.whl (80 kB)
#8 34.34     80.3/80.3 kB 6.4 MB/s eta 0:00:00
#8 34.34 Downloading attrs-23.2.0-py3-none-any.whl (60 kB)
#8 34.34     60.8/60.8 kB 4.6 MB/s eta 0:00:00
#8 34.34 Downloading charset_normalizer-3.3.2-cp310-cp310-manylinux_2_17_x86_64.manylinux2014_x86_64.whl (142 kB)
#8 34.34     142.1/142.1 kB 12.9 MB/s eta 0:00:00
#8 34.34 Downloading dpath-2.2.0-py3-none-any.whl (17 kB)
#8 34.34 Downloading fastjsonschema-2.20.0-py3-none-any.whl (23 kB)
#8 34.34 Downloading gitdb-4.0.11-py3-none-any.whl (62 kB)
#8 34.34     62.7/62.7 kB 3.8 MB/s eta 0:00:00
#8 34.34 Downloading idna-3.7-py3-none-any.whl (66 kB)
#8 34.34     66.8/66.8 kB 6.3 MB/s eta 0:00:00
#8 34.34 Downloading jsonschema_specifications-2023.12.1-py3-none-any.whl (18 kB)
#8 34.34 Downloading jupyter_core-5.7.2-py3-none-any.whl (28 kB)
#8 34.34 Downloading MarkupSafe-2.1.5-cp310-cp310-manylinux_2_17_x86_64.manylinux2014_x86_64.whl (25 kB)
#8 34.34 Downloading plac-1.4.3-py2.py3-none-any.whl (22 kB)
#8 34.34 Downloading referencing-0.35.1-py3-none-any.whl (26 kB)
#8 34.34 Downloading rpds_py-0.19.1-cp310-cp310-manylinux_2_17_x86_64.manylinux2014_x86_64.whl (355 kB)
#8 34.34     355.6/355.6 kB 21.8 MB/s eta 0:00:00
#8 34.34 Downloading traitlets-5.14.3-py3-none-any.whl (85 kB)
#8 34.34     85.4/85.4 kB 7.8 MB/s eta 0:00:00
#8 34.34 Downloading urllib3-2.2.2-py3-none-any.whl (121 kB)
#8 34.34     121.4/121.4 kB 9.3 MB/s eta 0:00:00
#8 34.34 Downloading platformdirs-4.2.2-py3-none-any.whl (18 kB)
#8 34.34 Downloading smmap-5.0.1-py3-none-any.whl (24 kB)
#8 34.34 Building wheels for collected packages: snakemake, extern, mamba, connection-pool, clint, datrie, stopit, args
#8 34.34   Building wheel for snakemake (pyproject.toml): started
#8 34.34   Building wheel for snakemake (pyproject.toml): finished with status 'done'
#8 34.34   Created wheel for snakemake: filename=snakemake-7.32.4-py3-none-any.whl size=382338 sha256=092382b1ff359cb9b0cc2d31e0cad8d5d30a8483e8745e0d45cf1e4ba084cbb0
#8 34.34   Stored in directory: /root/.cache/pip/wheels/ae/48/df/1325e88b89e3254e9bd4aaa449a1c360ea704b454bc6639e8a
#8 34.34   Building wheel for extern (setup.py): started
#8 34.34   Building wheel for extern (setup.py): finished with status 'done'
#8 34.34   Created wheel for extern: filename=extern-0.4.1-py3-none-any.whl size=5928 sha256=2891da914a5d521b93659b42b1a17ec47055a0326782bca35c4c157e77a67d83
#8 34.34   Stored in directory: /root/.cache/pip/wheels/c2/c0/83/119008c150855986564e4d3538ebb169651bdcb450761c19e7
#8 34.34   Building wheel for mamba (setup.py): started
#8 34.34   Building wheel for mamba (setup.py): finished with status 'done'
#8 34.34   Created wheel for mamba: filename=mamba-0.11.3-py3-none-any.whl size=16289 sha256=87c4dcdc45012870fe7f947f238a01ea1687f1908f0f6f988c30ea99d454b7d6
#8 34.34   Stored in directory: /root/.cache/pip/wheels/b1/67/9b/1bf493e22d874961e3ffee60e2576feb601272acb3181cdc29
#8 34.34   Building wheel for connection-pool (setup.py): started
#8 34.34   Building wheel for connection-pool (setup.py): finished with status 'done'
#8 34.34   Created wheel for connection-pool: filename=connection_pool-0.0.3-py3-none-any.whl size=4062 sha256=f6ae770536960929d2390ecf4cc5fdb7f6b42f387e4fcda8cea6d2029206a3ae
#8 34.34   Stored in directory: /root/.cache/pip/wheels/59/3a/9f/54ade2cd2bf01e213489ea1e1eb7f55c8848b9db63738cf0cb
#8 34.34   Building wheel for clint (setup.py): started
#8 34.34   Building wheel for clint (setup.py): finished with status 'done'
#8 34.34   Created wheel for clint: filename=clint-0.5.1-py3-none-any.whl size=34459 sha256=3c87ca623ca8714875a8294db8fca46f575327172d8f7432dfad28c0e625e262
#8 34.34   Stored in directory: /root/.cache/pip/wheels/60/bd/a0/c20dd085251d95af656b5e3d287db7d4b4e8aec67b53a6f8dd
#8 34.34   Building wheel for datrie (pyproject.toml): started
#8 34.34   Building wheel for datrie (pyproject.toml): finished with status 'done'
#8 34.34   Created wheel for datrie: filename=datrie-0.8.2-cp310-cp310-linux_x86_64.whl size=179451 sha256=16a4f00dcd05ba72dbb789ff27c8007b7859ccad1700207fc33274e2b641fe52
#8 34.34   Stored in directory: /root/.cache/pip/wheels/f4/a9/ac/b8e50d96214c3576ab73ac30d0a9b276014f06036f36230e7e
#8 34.34   Building wheel for stopit (setup.py): started
#8 34.34   Building wheel for stopit (setup.py): finished with status 'done'
#8 34.34   Created wheel for stopit: filename=stopit-1.1.2-py3-none-any.whl size=11938 sha256=0c9d685b47f8df4fd1909bdbf542c95656b4953a0cf95ba2fa7f1f64332a0b62
#8 34.34   Stored in directory: /root/.cache/pip/wheels/af/f9/87/bf5b3d565c2a007b4dae9d8142dccc85a9f164e517062dd519
#8 34.34   Building wheel for args (setup.py): started
#8 34.34   Building wheel for args (setup.py): finished with status 'done'
#8 34.34   Created wheel for args: filename=args-0.1.0-py3-none-any.whl size=3318 sha256=2f69a3712030bac8b8dc1edc83158d0d953ee0a2989cf37d30af8084862d0d92
#8 34.34   Stored in directory: /root/.cache/pip/wheels/18/d7/bc/7b88d8405d97070a1a62712fd639ea0ad8d14b3dd74075cca6
#8 34.34 Successfully built snakemake extern mamba connection-pool clint datrie stopit args
#8 34.34 Installing collected packages: toposort, throttler, stopit, plac, fastjsonschema, extern, connection-pool, args, argparse-manpage-birdtools, appdirs, wrapt, urllib3, traitlets, tabulate, smmap, ruamel.yaml.clib, rpds-py, reretry, pyyaml, pyarrow, pulp, psutil, polars, platformdirs, networkx, MarkupSafe, idna, humanfriendly, dpath, docutils, datrie, coverage, configargparse, clint, charset-normalizer, bird-tool-utils, attrs, yte, smart-open, ruamel.yaml, requests, referencing, mamba, jupyter-core, jinja2, gitdb, jsonschema-specifications, gitpython, jsonschema, nbformat, snakemake, binchicken
#8 34.34 Successfully installed MarkupSafe-2.1.5 appdirs-1.4.4 argparse-manpage-birdtools-1.7.0 args-0.1.0 attrs-23.2.0 binchicken-0.12.1 bird-tool-utils-0.4.1 charset-normalizer-3.3.2 clint-0.5.1 configargparse-1.7 connection-pool-0.0.3 coverage-7.6.0 datrie-0.8.2 docutils-0.21.2 dpath-2.2.0 extern-0.4.1 fastjsonschema-2.20.0 gitdb-4.0.11 gitpython-3.1.43 humanfriendly-10.0 idna-3.7 jinja2-3.1.4 jsonschema-4.23.0 jsonschema-specifications-2023.12.1 jupyter-core-5.7.2 mamba-0.11.3 nbformat-5.10.4 networkx-3.3 plac-1.4.3 platformdirs-4.2.2 polars-1.3.0 psutil-6.0.0 pulp-2.9.0 pyarrow-17.0.0 pyyaml-6.0.1 referencing-0.35.1 requests-2.32.3 reretry-0.11.8 rpds-py-0.19.1 ruamel.yaml-0.18.6 ruamel.yaml.clib-0.2.8 smart-open-7.0.4 smmap-5.0.1 snakemake-7.32.4 stopit-1.1.2 tabulate-0.9.0 throttler-1.2.2 toposort-1.10 traitlets-5.14.3 urllib3-2.2.2 wrapt-1.16.0 yte-1.5.4
#8 34.34 WARNING: Running pip as the 'root' user can result in broken permissions and conflicting behaviour with the system package manager. It is recommended to use a virtual environment instead: https://pip.pypa.io/warnings/venv
#8 34.34 
#8 34.34 
#8 DONE 34.6s

#9 [6/9] RUN git clone https://github.com/AroneyS/binchicken bc
#9 0.396 Cloning into 'bc'...
#9 DONE 5.8s

#10 [7/9] RUN conda run -n binchicken     binchicken build --conda-prefix .conda
#10 1.849 07/29/2024 01:03:57 AM INFO: Bin Chicken v0.12.1
#10 1.849 07/29/2024 01:03:57 AM INFO: Command: binchicken build --conda-prefix .conda
#10 1.849 07/29/2024 01:03:57 AM INFO: Building SingleM, CoverM and Prodigal conda environments
#10 1.849 07/29/2024 01:03:57 AM INFO: Loading sample info
#10 1.849 07/29/2024 01:03:57 AM INFO: Loading genome info
#10 1.849 07/29/2024 01:03:57 AM INFO: Config file written to: /build/build_coassemble/config.yaml
#10 1.849 07/29/2024 01:03:57 AM INFO: Executing: snakemake --snakefile /opt/conda/envs/binchicken/lib/python3.10/site-packages/binchicken/workflow/coassemble.smk --configfile '/build/build_coassemble/config.yaml' --directory /build/build_coassemble --cores 1 --rerun-incomplete --keep-going --nolock --conda-create-envs-only  --local-cores 1 --retries 3 --use-conda --conda-frontend mamba --conda-prefix .conda  
#10 1.849 Traceback (most recent call last):
#10 1.849   File "/opt/conda/envs/binchicken/bin/snakemake", line 8, in <module>
#10 1.849     sys.exit(main())
#10 1.849   File "/opt/conda/envs/binchicken/lib/python3.10/site-packages/snakemake/__init__.py", line 2736, in main
#10 1.849     parser = get_argument_parser()
#10 1.849   File "/opt/conda/envs/binchicken/lib/python3.10/site-packages/snakemake/__init__.py", line 1607, in get_argument_parser
#10 1.849     lp_solvers = pulp.list_solvers(onlyAvailable=True)
#10 1.849 AttributeError: module 'pulp' has no attribute 'list_solvers'. Did you mean: 'listSolvers'?
#10 1.849 Traceback (most recent call last):
#10 1.849   File "/opt/conda/envs/binchicken/bin/binchicken", line 8, in <module>
#10 1.849     sys.exit(main())
#10 1.849   File "/opt/conda/envs/binchicken/lib/python3.10/site-packages/binchicken/binchicken.py", line 1522, in main
#10 1.849     build(args)
#10 1.849   File "/opt/conda/envs/binchicken/lib/python3.10/site-packages/binchicken/binchicken.py", line 1047, in build
#10 1.849     coassemble(args)
#10 1.849   File "/opt/conda/envs/binchicken/lib/python3.10/site-packages/binchicken/binchicken.py", line 532, in coassemble
#10 1.849     run_workflow(
#10 1.849   File "/opt/conda/envs/binchicken/lib/python3.10/site-packages/binchicken/binchicken.py", line 130, in run_workflow
#10 1.849     subprocess.check_call(cmd, shell=True)
#10 1.849   File "/opt/conda/envs/binchicken/lib/python3.10/subprocess.py", line 369, in check_call
#10 1.849     raise CalledProcessError(retcode, cmd)
#10 1.849 subprocess.CalledProcessError: Command 'snakemake --snakefile /opt/conda/envs/binchicken/lib/python3.10/site-packages/binchicken/workflow/coassemble.smk --configfile '/build/build_coassemble/config.yaml' --directory /build/build_coassemble --cores 1 --rerun-incomplete --keep-going --nolock --conda-create-envs-only  --local-cores 1 --retries 3 --use-conda --conda-frontend mamba --conda-prefix .conda  ' returned non-zero exit status 1.
#10 1.849 
#10 1.849 ERROR conda.cli.main_run:execute(125): `conda run binchicken build --conda-prefix .conda` failed. (See above for error)
#10 ERROR: process "/bin/sh -c conda run -n binchicken     binchicken build --conda-prefix .conda" did not complete successfully: exit code: 1
------
 > [7/9] RUN conda run -n binchicken     binchicken build --conda-prefix .conda:
1.849     coassemble(args)
1.849   File "/opt/conda/envs/binchicken/lib/python3.10/site-packages/binchicken/binchicken.py", line 532, in coassemble
1.849     run_workflow(
1.849   File "/opt/conda/envs/binchicken/lib/python3.10/site-packages/binchicken/binchicken.py", line 130, in run_workflow
1.849     subprocess.check_call(cmd, shell=True)
1.849   File "/opt/conda/envs/binchicken/lib/python3.10/subprocess.py", line 369, in check_call
1.849     raise CalledProcessError(retcode, cmd)
1.849 subprocess.CalledProcessError: Command 'snakemake --snakefile /opt/conda/envs/binchicken/lib/python3.10/site-packages/binchicken/workflow/coassemble.smk --configfile '/build/build_coassemble/config.yaml' --directory /build/build_coassemble --cores 1 --rerun-incomplete --keep-going --nolock --conda-create-envs-only  --local-cores 1 --retries 3 --use-conda --conda-frontend mamba --conda-prefix .conda  ' returned non-zero exit status 1.
1.849 
1.849 ERROR conda.cli.main_run:execute(125): `conda run binchicken build --conda-prefix .conda` failed. (See above for error)
------
Dockerfile.pypi:34
--------------------
  33 |     # Build the subprocess conda environments
  34 | >>> RUN conda run -n binchicken \
  35 | >>>     binchicken build --conda-prefix .conda
  36 |     
--------------------
ERROR: failed to solve: process "/bin/sh -c conda run -n binchicken     binchicken build --conda-prefix .conda" did not complete successfully: exit code: 1
